#
# There is insufficient memory for the Java Runtime Environment to continue.
# Native memory allocation (mmap) failed to map 32505856 bytes for committing reserved memory.
# Possible reasons:
#   The system is out of physical RAM or swap space
#   In 32 bit mode, the process size limit was hit
# Possible solutions:
#   Reduce memory load on the system
#   Increase physical memory or swap space
#   Check if swap backing store is full
#   Use 64 bit Java on a 64 bit OS
#   Decrease Java heap size (-Xmx/-Xms)
#   Decrease number of Java threads
#   Decrease Java thread stack sizes (-Xss)
#   Set larger code cache with -XX:ReservedCodeCacheSize=
# This output file may be truncated or incomplete.
#
#  Out of Memory Error (os_linux.cpp:2673), pid=5734, tid=1673374528
#
# JRE version: Java(TM) SE Runtime Environment (8.0_45-b14) (build 1.8.0_45-b14)
# Java VM: Java HotSpot(TM) Server VM (25.45-b02 mixed mode linux-x86 )
# Failed to write core dump. Core dumps have been disabled. To enable core dumping, try "ulimit -c unlimited" before starting Java again
#

---------------  T H R E A D  ---------------

Current thread (0x63a80c00):  VMThread [stack: 0x63b5a000,0x63bdb000] [id=5744]

Stack: [0x63b5a000,0x63bdb000],  sp=0x63bd9920,  free space=510k
Native frames: (J=compiled Java code, j=interpreted, Vv=VM code, C=native code)
V  [libjvm.so+0x8c1ecf]  VMError::report_and_die()+0x16f
V  [libjvm.so+0x386495]  report_vm_out_of_memory(char const*, int, unsigned int, VMErrorType, char const*)+0x55
V  [libjvm.so+0x7467a6]  os::Linux::commit_memory_impl(char*, unsigned int, bool)+0xe6
V  [libjvm.so+0x746bc8]  os::pd_commit_memory(char*, unsigned int, unsigned int, bool)+0x28
V  [libjvm.so+0x7402ec]  os::commit_memory(char*, unsigned int, unsigned int, bool)+0x2c
V  [libjvm.so+0x7aa598]  PSVirtualSpace::expand_by(unsigned int)+0x48
V  [libjvm.so+0x7ab69a]  PSYoungGen::resize_generation(unsigned int, unsigned int)+0xda
V  [libjvm.so+0x7aa9c9]  PSYoungGen::resize(unsigned int, unsigned int)+0x19
V  [libjvm.so+0x7a82ed]  PSScavenge::invoke_no_policy()+0xd4d
V  [libjvm.so+0x7a8ab8]  PSScavenge::invoke()+0x28
V  [libjvm.so+0x767d8a]  ParallelScavengeHeap::failed_mem_allocate(unsigned int)+0x5a
V  [libjvm.so+0x8c379a]  VM_ParallelGCFailedAllocation::doit()+0x7a
V  [libjvm.so+0x8cc9b7]  VM_Operation::evaluate()+0x47
V  [libjvm.so+0x8caa93]  VMThread::evaluate_operation(VM_Operation*)+0xb3
V  [libjvm.so+0x8cae30]  VMThread::loop()+0x1b0
V  [libjvm.so+0x8cb295]  VMThread::run()+0x85
V  [libjvm.so+0x749049]  java_start(Thread*)+0x119
C  [libpthread.so.0+0x6f70]  start_thread+0xd0

VM_Operation (0xb677e9c0): ParallelGCFailedAllocation, mode: safepoint, requested by thread 0xb6608000


---------------  P R O C E S S  ---------------

Java Threads: ( => current thread )
  0x63aa9000 JavaThread "Service Thread" daemon [_thread_blocked, id=5751, stack(0x63b09000,0x63b5a000)]
  0x63aa5c00 JavaThread "C1 CompilerThread2" daemon [_thread_blocked, id=5750, stack(0x6334c000,0x633cd000)]
  0x63aa4800 JavaThread "C2 CompilerThread1" daemon [_thread_blocked, id=5749, stack(0x633cd000,0x6344e000)]
  0x63aa2800 JavaThread "C2 CompilerThread0" daemon [_thread_blocked, id=5748, stack(0x6344e000,0x634cf000)]
  0x63aa1000 JavaThread "Signal Dispatcher" daemon [_thread_blocked, id=5747, stack(0x6672e000,0x6677f000)]
  0x63a85400 JavaThread "Finalizer" daemon [_thread_blocked, id=5746, stack(0x6692e000,0x6697f000)]
  0x63a83c00 JavaThread "Reference Handler" daemon [_thread_blocked, id=5745, stack(0x66b2e000,0x66b7f000)]
  0xb6608000 JavaThread "main" [_thread_blocked, id=5739, stack(0xb672f000,0xb6780000)]

Other Threads:
=>0x63a80c00 VMThread [stack: 0x63b5a000,0x63bdb000] [id=5744]
  0x63aac000 WatcherThread [stack: 0x632cb000,0x6334c000] [id=5752]

VM state:at safepoint (normal execution)

VM Mutex/Monitor currently owned by a thread:  ([mutex/lock_event])
[0xb6605738] Threads_lock - owner thread: 0x63a80c00
[0xb6605b48] Heap_lock - owner thread: 0xb6608000

Heap:
 PSYoungGen      total 26624K, used 2047K [0x91ac0000, 0x936c0000, 0xa7000000)
  eden space 24576K, 0% used [0x91ac0000,0x91ac0000,0x932c0000)
  from space 2048K, 99% used [0x932c0000,0x934bfdb0,0x934c0000)
  to   space 2048K, 0% used [0x934c0000,0x934c0000,0x936c0000)
 ParOldGen       total 32768K, used 10550K [0x67000000, 0x69000000, 0x91ac0000)
  object space 32768K, 32% used [0x67000000,0x67a4d8e8,0x69000000)
 Metaspace       used 4874K, capacity 4940K, committed 5016K, reserved 5424K

Card table byte_map: [0x66dff000,0x67000000] byte_map_base: 0x66ac7000

Marking Bits: (ParMarkBitMap*) 0xb71b6960
 Begin Bits: [0x64600000, 0x65600000)
 End Bits:   [0x65600000, 0x66600000)

Polling page: 0xb77b8000

CodeCache: size=245760Kb used=5208Kb max_used=5208Kb free=240551Kb
 bounds [0xa7596000, 0xa7ab6000, 0xb6596000]
 total_blobs=2178 nmethods=2006 adapters=86
 compilation: enabled

Compilation events (10 events):
Event: 5,955 Thread 0x63aa5c00 2034       2       com.android.dx.merge.IndexMap::adjustEncodedArray (44 bytes)
Event: 5,957 Thread 0x63aa5c00 nmethod 2034 0xa7aabb88 code [0xa7aabd00, 0xa7aac164]
Event: 5,961 Thread 0x63aa5c00 2036       2       java.util.TimSort::gallopLeft (335 bytes)
Event: 5,962 Thread 0x63aa5c00 nmethod 2036 0xa7aac3c8 code [0xa7aac540, 0xa7aac9d0]
Event: 5,973 Thread 0x63aa5c00 2038       2       com.android.dx.io.instructions.InstructionCodec$28::encode (6 bytes)
Event: 5,975 Thread 0x63aa5c00 nmethod 2038 0xa7aace48 code [0xa7aacf80, 0xa7aad144]
Event: 5,988 Thread 0x63aa5c00 2040       2       com.android.dx.io.instructions.InstructionCodec$34::encode (192 bytes)
Event: 5,991 Thread 0x63aa5c00 nmethod 2040 0xa7aad508 code [0xa7aad700, 0xa7aadeb4]
Event: 6,000 Thread 0x63aa5c00 2041       2       com.android.dx.io.instructions.BaseCodeCursor::baseAddressForCursor (25 bytes)
Event: 6,001 Thread 0x63aa5c00 nmethod 2041 0xa7aae8c8 code [0xa7aaea00, 0xa7aaeb58]

GC Heap History (9 events):
Event: 1,689 GC heap before
{Heap before GC invocations=1 (full 0):
 PSYoungGen      total 14336K, used 12288K [0x91ac0000, 0x92ac0000, 0xa7000000)
  eden space 12288K, 100% used [0x91ac0000,0x926c0000,0x926c0000)
  from space 2048K, 0% used [0x928c0000,0x928c0000,0x92ac0000)
  to   space 2048K, 0% used [0x926c0000,0x926c0000,0x928c0000)
 ParOldGen       total 32768K, used 0K [0x67000000, 0x69000000, 0x91ac0000)
  object space 32768K, 0% used [0x67000000,0x67000000,0x69000000)
 Metaspace       used 3430K, capacity 3614K, committed 3736K, reserved 4400K
Event: 1,699 GC heap after
Heap after GC invocations=1 (full 0):
 PSYoungGen      total 14336K, used 2047K [0x91ac0000, 0x92ac0000, 0xa7000000)
  eden space 12288K, 0% used [0x91ac0000,0x91ac0000,0x926c0000)
  from space 2048K, 99% used [0x926c0000,0x928bfc50,0x928c0000)
  to   space 2048K, 0% used [0x928c0000,0x928c0000,0x92ac0000)
 ParOldGen       total 32768K, used 1514K [0x67000000, 0x69000000, 0x91ac0000)
  object space 32768K, 4% used [0x67000000,0x6717ab60,0x69000000)
 Metaspace       used 3430K, capacity 3614K, committed 3736K, reserved 4400K
}
Event: 2,066 GC heap before
{Heap before GC invocations=2 (full 0):
 PSYoungGen      total 14336K, used 14075K [0x91ac0000, 0x92ac0000, 0xa7000000)
  eden space 12288K, 97% used [0x91ac0000,0x9267f2f0,0x926c0000)
  from space 2048K, 99% used [0x926c0000,0x928bfc50,0x928c0000)
  to   space 2048K, 0% used [0x928c0000,0x928c0000,0x92ac0000)
 ParOldGen       total 32768K, used 1514K [0x67000000, 0x69000000, 0x91ac0000)
  object space 32768K, 4% used [0x67000000,0x6717ab60,0x69000000)
 Metaspace       used 3551K, capacity 3710K, committed 3736K, reserved 4400K
Event: 2,079 GC heap after
Heap after GC invocations=2 (full 0):
 PSYoungGen      total 14336K, used 2037K [0x91ac0000, 0x936c0000, 0xa7000000)
  eden space 12288K, 0% used [0x91ac0000,0x91ac0000,0x926c0000)
  from space 2048K, 99% used [0x928c0000,0x92abd400,0x92ac0000)
  to   space 2048K, 0% used [0x926c0000,0x926c0000,0x928c0000)
 ParOldGen       total 32768K, used 4149K [0x67000000, 0x69000000, 0x91ac0000)
  object space 32768K, 12% used [0x67000000,0x6740d5b0,0x69000000)
 Metaspace       used 3551K, capacity 3710K, committed 3736K, reserved 4400K
}
Event: 5,404 GC heap before
{Heap before GC invocations=3 (full 0):
 PSYoungGen      total 14336K, used 14225K [0x91ac0000, 0x936c0000, 0xa7000000)
  eden space 12288K, 99% used [0x91ac0000,0x926a7040,0x926c0000)
  from space 2048K, 99% used [0x928c0000,0x92abd400,0x92ac0000)
  to   space 2048K, 0% used [0x926c0000,0x926c0000,0x928c0000)
 ParOldGen       total 32768K, used 4149K [0x67000000, 0x69000000, 0x91ac0000)
  object space 32768K, 12% used [0x67000000,0x6740d5b0,0x69000000)
 Metaspace       used 4801K, capacity 4844K, committed 4888K, reserved 5424K
Event: 5,417 GC heap after
Heap after GC invocations=3 (full 0):
 PSYoungGen      total 14336K, used 2038K [0x91ac0000, 0x936c0000, 0xa7000000)
  eden space 12288K, 0% used [0x91ac0000,0x91ac0000,0x926c0000)
  from space 2048K, 99% used [0x926c0000,0x928bd9f0,0x928c0000)
  to   space 2048K, 0% used [0x934c0000,0x934c0000,0x936c0000)
 ParOldGen       total 32768K, used 7117K [0x67000000, 0x69000000, 0x91ac0000)
  object space 32768K, 21% used [0x67000000,0x676f3520,0x69000000)
 Metaspace       used 4801K, capacity 4844K, committed 4888K, reserved 5424K
}
Event: 5,687 GC heap before
{Heap before GC invocations=4 (full 0):
 PSYoungGen      total 14336K, used 14326K [0x91ac0000, 0x936c0000, 0xa7000000)
  eden space 12288K, 100% used [0x91ac0000,0x926c0000,0x926c0000)
  from space 2048K, 99% used [0x926c0000,0x928bd9f0,0x928c0000)
  to   space 2048K, 0% used [0x934c0000,0x934c0000,0x936c0000)
 ParOldGen       total 32768K, used 7117K [0x67000000, 0x69000000, 0x91ac0000)
  object space 32768K, 21% used [0x67000000,0x676f3520,0x69000000)
 Metaspace       used 4848K, capacity 4876K, committed 4888K, reserved 5424K
Event: 5,700 GC heap after
Heap after GC invocations=4 (full 0):
 PSYoungGen      total 26624K, used 2042K [0x91ac0000, 0x936c0000, 0xa7000000)
  eden space 24576K, 0% used [0x91ac0000,0x91ac0000,0x932c0000)
  from space 2048K, 99% used [0x934c0000,0x936be8a8,0x936c0000)
  to   space 2048K, 0% used [0x932c0000,0x932c0000,0x934c0000)
 ParOldGen       total 32768K, used 8940K [0x67000000, 0x69000000, 0x91ac0000)
  object space 32768K, 27% used [0x67000000,0x678bb368,0x69000000)
 Metaspace       used 4848K, capacity 4876K, committed 4888K, reserved 5424K
}
Event: 6,002 GC heap before
{Heap before GC invocations=5 (full 0):
 PSYoungGen      total 26624K, used 26618K [0x91ac0000, 0x936c0000, 0xa7000000)
  eden space 24576K, 100% used [0x91ac0000,0x932c0000,0x932c0000)
  from space 2048K, 99% used [0x934c0000,0x936be8a8,0x936c0000)
  to   space 2048K, 0% used [0x932c0000,0x932c0000,0x934c0000)
 ParOldGen       total 32768K, used 8940K [0x67000000, 0x69000000, 0x91ac0000)
  object space 32768K, 27% used [0x67000000,0x678bb368,0x69000000)
 Metaspace       used 4874K, capacity 4940K, committed 5016K, reserved 5424K

Deoptimization events (10 events):
Event: 2,423 Thread 0xb6608000 Uncommon trap: reason=class_check action=maybe_recompile pc=0xa78e8608 method=java.util.HashMap.putVal(ILjava/lang/Object;Ljava/lang/Object;ZZ)Ljava/lang/Object; @ 56
Event: 2,899 Thread 0xb6608000 Uncommon trap: reason=unstable_if action=reinterpret pc=0xa795e6c0 method=java.util.HashMap.putVal(ILjava/lang/Object;Ljava/lang/Object;ZZ)Ljava/lang/Object; @ 162
Event: 2,899 Thread 0xb6608000 Uncommon trap: reason=unstable_if action=reinterpret pc=0xa795a8d4 method=java.util.HashMap.putVal(ILjava/lang/Object;Ljava/lang/Object;ZZ)Ljava/lang/Object; @ 162
Event: 2,910 Thread 0xb6608000 Uncommon trap: reason=predicate action=maybe_recompile pc=0xa7999c38 method=com.android.dex.Leb128.writeUnsignedLeb128(Lcom/android/dex/util/ByteOutput;I)V @ 9
Event: 3,784 Thread 0xb6608000 Uncommon trap: reason=unstable_if action=reinterpret pc=0xa795fa6c method=sun.misc.MetaIndex.mayContain(Ljava/lang/String;)Z @ 13
Event: 3,797 Thread 0xb6608000 Uncommon trap: reason=class_check action=maybe_recompile pc=0xa7853be8 method=java.util.ArrayList.<init>(Ljava/util/Collection;)V @ 6
Event: 5,053 Thread 0xb6608000 Uncommon trap: reason=class_check action=maybe_recompile pc=0xa7853be8 method=java.util.ArrayList.<init>(Ljava/util/Collection;)V @ 6
Event: 5,371 Thread 0xb6608000 Uncommon trap: reason=predicate action=maybe_recompile pc=0xa79e3690 method=com.android.dex.Leb128.readUnsignedLeb128(Lcom/android/dex/util/ByteInput;)I @ 41
Event: 5,560 Thread 0xb6608000 Uncommon trap: reason=unstable_if action=reinterpret pc=0xa78d72d0 method=java.util.HashMap.getNode(ILjava/lang/Object;)Ljava/util/HashMap$Node; @ 84
Event: 5,560 Thread 0xb6608000 Uncommon trap: reason=unstable_if action=reinterpret pc=0xa78d4c3c method=java.util.HashMap.getNode(ILjava/lang/Object;)Ljava/util/HashMap$Node; @ 84

Internal exceptions (6 events):
Event: 0,564 Thread 0xb6608000 Exception <a 'java/lang/NoSuchMethodError': Method sun.misc.Unsafe.defineClass(Ljava/lang/String;[BII)Ljava/lang/Class; name or signature does not match> (0x91ad02e0) thrown at [/HUDSON/workspace/8-2-build-linux-i586/jdk8u45/3457/hotspot/src/share/vm/prim
Event: 0,564 Thread 0xb6608000 Exception <a 'java/lang/NoSuchMethodError': Method sun.misc.Unsafe.prefetchRead(Ljava/lang/Object;J)V name or signature does not match> (0x91ad0560) thrown at [/HUDSON/workspace/8-2-build-linux-i586/jdk8u45/3457/hotspot/src/share/vm/prims/jni.cpp, line 39
Event: 3,784 Thread 0xb6608000 Exception <a 'java/security/PrivilegedActionException'> (0x924fce80) thrown at [/HUDSON/workspace/8-2-build-linux-i586/jdk8u45/3457/hotspot/src/share/vm/prims/jvm.cpp, line 1382]
Event: 3,784 Thread 0xb6608000 Exception <a 'java/security/PrivilegedActionException'> (0x924fd1c0) thrown at [/HUDSON/workspace/8-2-build-linux-i586/jdk8u45/3457/hotspot/src/share/vm/prims/jvm.cpp, line 1382]
Event: 3,785 Thread 0xb6608000 Exception <a 'java/security/PrivilegedActionException'> (0x924ff620) thrown at [/HUDSON/workspace/8-2-build-linux-i586/jdk8u45/3457/hotspot/src/share/vm/prims/jvm.cpp, line 1382]
Event: 3,785 Thread 0xb6608000 Exception <a 'java/security/PrivilegedActionException'> (0x924ff960) thrown at [/HUDSON/workspace/8-2-build-linux-i586/jdk8u45/3457/hotspot/src/share/vm/prims/jvm.cpp, line 1382]

Events (10 events):
Event: 5,761 Thread 0xb6608000 DEOPT UNPACKING pc=0xa75d2590 sp=0xb677e9fc mode 0
Event: 5,764 Thread 0xb6608000 DEOPT PACKING pc=0xa7a013eb sp=0xb677eb40
Event: 5,764 Thread 0xb6608000 DEOPT UNPACKING pc=0xa75d2590 sp=0xb677e9e0 mode 0
Event: 5,769 Thread 0xb6608000 DEOPT PACKING pc=0xa7a013eb sp=0xb677eb30
Event: 5,769 Thread 0xb6608000 DEOPT UNPACKING pc=0xa75d2590 sp=0xb677e9c8 mode 0
Event: 5,774 Thread 0xb6608000 DEOPT PACKING pc=0xa7a013eb sp=0xb677eb30
Event: 5,774 Thread 0xb6608000 DEOPT UNPACKING pc=0xa75d2590 sp=0xb677e9c8 mode 0
Event: 5,778 Thread 0xb6608000 DEOPT PACKING pc=0xa7a013eb sp=0xb677eb30
Event: 5,778 Thread 0xb6608000 DEOPT UNPACKING pc=0xa75d2590 sp=0xb677e9c8 mode 0
Event: 6,002 Executing VM operation: ParallelGCFailedAllocation


Dynamic libraries:
08048000-08049000 r-xp 00000000 08:04 3156627    /usr/lib/jvm/java-8-oracle/bin/java
08049000-0804a000 rw-p 00000000 08:04 3156627    /usr/lib/jvm/java-8-oracle/bin/java
08da6000-08e51000 rw-p 00000000 00:00 0          [heap]
62000000-620e2000 rw-p 00000000 00:00 0 
620e2000-62100000 ---p 00000000 00:00 0 
62200000-62300000 rw-p 00000000 00:00 0 
62400000-624fd000 rw-p 00000000 00:00 0 
624fd000-62500000 ---p 00000000 00:00 0 
62600000-626fc000 rw-p 00000000 00:00 0 
626fc000-62700000 ---p 00000000 00:00 0 
62800000-628fd000 rw-p 00000000 00:00 0 
628fd000-62900000 ---p 00000000 00:00 0 
62900000-6294a000 rw-p 00000000 00:00 0 
6294a000-62a00000 ---p 00000000 00:00 0 
62b00000-62bfa000 rw-p 00000000 00:00 0 
62bfa000-62c00000 ---p 00000000 00:00 0 
62c00000-62ca0000 rw-p 00000000 00:00 0 
62ca0000-62d00000 ---p 00000000 00:00 0 
62d00000-62dfe000 rw-p 00000000 00:00 0 
62dfe000-62e00000 ---p 00000000 00:00 0 
62e00000-62f00000 rw-p 00000000 00:00 0 
62f00000-63000000 rw-p 00000000 00:00 0 
63000000-630ff000 rw-p 00000000 00:00 0 
630ff000-63100000 ---p 00000000 00:00 0 
63100000-631c4000 rw-p 00000000 00:00 0 
631c4000-63200000 ---p 00000000 00:00 0 
632cb000-632cc000 ---p 00000000 00:00 0 
632cc000-6334c000 rw-p 00000000 00:00 0          [stack:5752]
6334c000-6334f000 ---p 00000000 00:00 0 
6334f000-633cd000 rw-p 00000000 00:00 0          [stack:5750]
633cd000-633d0000 ---p 00000000 00:00 0 
633d0000-6344e000 rw-p 00000000 00:00 0          [stack:5749]
6344e000-63451000 ---p 00000000 00:00 0 
63451000-634cf000 rw-p 00000000 00:00 0          [stack:5748]
634cf000-63600000 r--p 00189000 08:04 3158825    /usr/lib/locale/locale-archive
63600000-63800000 r--p 00000000 08:04 3158825    /usr/lib/locale/locale-archive
63800000-638e7000 rw-p 00000000 00:00 0 
638e7000-63900000 ---p 00000000 00:00 0 
63900000-63921000 rw-p 00000000 00:00 0 
63921000-63a00000 ---p 00000000 00:00 0 
63a00000-63afd000 rw-p 00000000 00:00 0 
63afd000-63b00000 ---p 00000000 00:00 0 
63b09000-63b0c000 ---p 00000000 00:00 0 
63b0c000-63b5a000 rw-p 00000000 00:00 0          [stack:5751]
63b5a000-63b5b000 ---p 00000000 00:00 0 
63b5b000-63bdb000 rw-p 00000000 00:00 0          [stack:5744]
63bdb000-63db4000 r--s 03d09000 08:04 3157067    /usr/lib/jvm/java-8-oracle/jre/lib/rt.jar
63db4000-641fa000 rw-p 00000000 00:00 0 
641fa000-64200000 ---p 00000000 00:00 0 
64200000-66600000 rw-p 00000000 00:00 0 
66600000-666ff000 rw-p 00000000 00:00 0 
666ff000-66700000 ---p 00000000 00:00 0 
6672e000-66731000 ---p 00000000 00:00 0 
66731000-6677f000 rw-p 00000000 00:00 0          [stack:5747]
6677f000-66780000 ---p 00000000 00:00 0 
66780000-66800000 rw-p 00000000 00:00 0          [stack:5743]
66800000-668fe000 rw-p 00000000 00:00 0 
668fe000-66900000 ---p 00000000 00:00 0 
6692e000-66931000 ---p 00000000 00:00 0 
66931000-6697f000 rw-p 00000000 00:00 0          [stack:5746]
6697f000-66980000 ---p 00000000 00:00 0 
66980000-66a00000 rw-p 00000000 00:00 0          [stack:5742]
66a00000-66a21000 rw-p 00000000 00:00 0 
66a21000-66b00000 ---p 00000000 00:00 0 
66b2e000-66b31000 ---p 00000000 00:00 0 
66b31000-66b7f000 rw-p 00000000 00:00 0          [stack:5745]
66b7f000-66b80000 ---p 00000000 00:00 0 
66b80000-66c00000 rw-p 00000000 00:00 0          [stack:5741]
66c00000-66c21000 rw-p 00000000 00:00 0 
66c21000-66d00000 ---p 00000000 00:00 0 
66d20000-66d2f000 r--s 000dd000 08:04 918353     /home/labsi/Android/Sdk/build-tools/22.0.1/lib/dx.jar
66d2f000-66d7e000 rw-p 00000000 00:00 0 
66d7e000-66d7f000 ---p 00000000 00:00 0 
66d7f000-66e0f000 rw-p 00000000 00:00 0          [stack:5740]
66e0f000-66f54000 ---p 00000000 00:00 0 
66f54000-66f63000 rw-p 00000000 00:00 0 
66f63000-66fff000 ---p 00000000 00:00 0 
66fff000-69000000 rw-p 00000000 00:00 0 
69000000-91ac0000 ---p 00000000 00:00 0 
91ac0000-936c0000 rw-p 00000000 00:00 0 
9534a000-9559a000 rw-p 00000000 00:00 0 
9559a000-955c0000 r--p 00000000 08:04 2240558    /usr/share/locale-langpack/es/LC_MESSAGES/libc.mo
955c0000-a7000000 ---p 00000000 00:00 0 
a7006000-a700d000 r--s 00000000 08:04 3152413    /usr/lib/i386-linux-gnu/gconv/gconv-modules.cache
a700d000-a7090000 rw-p 00000000 00:00 0 
a7090000-a71d6000 ---p 00000000 00:00 0 
a71d6000-a71eb000 rw-p 00000000 00:00 0 
a71eb000-a7596000 ---p 00000000 00:00 0 
a7596000-a7ab6000 rwxp 00000000 00:00 0 
a7ab6000-b6596000 ---p 00000000 00:00 0 
b6596000-b65af000 r-xp 00000000 08:04 3156973    /usr/lib/jvm/java-8-oracle/jre/lib/i386/libzip.so
b65af000-b65b0000 rw-p 00018000 08:04 3156973    /usr/lib/jvm/java-8-oracle/jre/lib/i386/libzip.so
b65b0000-b65bb000 r-xp 00000000 08:04 2360394    /lib/i386-linux-gnu/libnss_files-2.19.so
b65bb000-b65bc000 r--p 0000a000 08:04 2360394    /lib/i386-linux-gnu/libnss_files-2.19.so
b65bc000-b65bd000 rw-p 0000b000 08:04 2360394    /lib/i386-linux-gnu/libnss_files-2.19.so
b65bd000-b65c7000 r-xp 00000000 08:04 2360398    /lib/i386-linux-gnu/libnss_nis-2.19.so
b65c7000-b65c8000 r--p 00009000 08:04 2360398    /lib/i386-linux-gnu/libnss_nis-2.19.so
b65c8000-b65c9000 rw-p 0000a000 08:04 2360398    /lib/i386-linux-gnu/libnss_nis-2.19.so
b65c9000-b65de000 r-xp 00000000 08:04 2360388    /lib/i386-linux-gnu/libnsl-2.19.so
b65de000-b65df000 r--p 00015000 08:04 2360388    /lib/i386-linux-gnu/libnsl-2.19.so
b65df000-b65e0000 rw-p 00016000 08:04 2360388    /lib/i386-linux-gnu/libnsl-2.19.so
b65e0000-b65e2000 rw-p 00000000 00:00 0 
b65e2000-b65e9000 r-xp 00000000 08:04 2360390    /lib/i386-linux-gnu/libnss_compat-2.19.so
b65e9000-b65ea000 r--p 00006000 08:04 2360390    /lib/i386-linux-gnu/libnss_compat-2.19.so
b65ea000-b65eb000 rw-p 00007000 08:04 2360390    /lib/i386-linux-gnu/libnss_compat-2.19.so
b65ed000-b65f8000 r--s 00116000 08:04 3156876    /usr/lib/jvm/java-8-oracle/jre/lib/ext/localedata.jar
b65f8000-b6600000 rw-s 00000000 08:04 3166225    /tmp/hsperfdata_labsi/5734
b6600000-b66fc000 rw-p 00000000 00:00 0 
b66fc000-b6700000 ---p 00000000 00:00 0 
b6700000-b6701000 rw-p 00000000 00:00 0 
b6701000-b6725000 r-xp 00000000 08:04 3156937    /usr/lib/jvm/java-8-oracle/jre/lib/i386/libjava.so
b6725000-b6726000 rw-p 00023000 08:04 3156937    /usr/lib/jvm/java-8-oracle/jre/lib/i386/libjava.so
b6726000-b672d000 r-xp 00000000 08:04 2360445    /lib/i386-linux-gnu/librt-2.19.so
b672d000-b672e000 r--p 00006000 08:04 2360445    /lib/i386-linux-gnu/librt-2.19.so
b672e000-b672f000 rw-p 00007000 08:04 2360445    /lib/i386-linux-gnu/librt-2.19.so
b672f000-b6732000 ---p 00000000 00:00 0 
b6732000-b6780000 rw-p 00000000 00:00 0          [stack:5739]
b6780000-b67c4000 r-xp 00000000 08:04 2360369    /lib/i386-linux-gnu/libm-2.19.so
b67c4000-b67c5000 r--p 00043000 08:04 2360369    /lib/i386-linux-gnu/libm-2.19.so
b67c5000-b67c6000 rw-p 00044000 08:04 2360369    /lib/i386-linux-gnu/libm-2.19.so
b67c6000-b7139000 r-xp 00000000 08:04 3156977    /usr/lib/jvm/java-8-oracle/jre/lib/i386/server/libjvm.so
b7139000-b71a5000 rw-p 00972000 08:04 3156977    /usr/lib/jvm/java-8-oracle/jre/lib/i386/server/libjvm.so
b71a5000-b75cb000 rw-p 00000000 00:00 0 
b75cb000-b7773000 r-xp 00000000 08:04 2360319    /lib/i386-linux-gnu/libc-2.19.so
b7773000-b7775000 r--p 001a8000 08:04 2360319    /lib/i386-linux-gnu/libc-2.19.so
b7775000-b7776000 rw-p 001aa000 08:04 2360319    /lib/i386-linux-gnu/libc-2.19.so
b7776000-b7779000 rw-p 00000000 00:00 0 
b7779000-b777c000 r-xp 00000000 08:04 2360336    /lib/i386-linux-gnu/libdl-2.19.so
b777c000-b777d000 r--p 00002000 08:04 2360336    /lib/i386-linux-gnu/libdl-2.19.so
b777d000-b777e000 rw-p 00003000 08:04 2360336    /lib/i386-linux-gnu/libdl-2.19.so
b777e000-b7792000 r-xp 00000000 08:04 3157090    /usr/lib/jvm/java-8-oracle/lib/i386/jli/libjli.so
b7792000-b7793000 rw-p 00014000 08:04 3157090    /usr/lib/jvm/java-8-oracle/lib/i386/jli/libjli.so
b7793000-b7794000 rw-p 00000000 00:00 0 
b7794000-b77ac000 r-xp 00000000 08:04 2360437    /lib/i386-linux-gnu/libpthread-2.19.so
b77ac000-b77ad000 r--p 00018000 08:04 2360437    /lib/i386-linux-gnu/libpthread-2.19.so
b77ad000-b77ae000 rw-p 00019000 08:04 2360437    /lib/i386-linux-gnu/libpthread-2.19.so
b77ae000-b77b1000 rw-p 00000000 00:00 0 
b77b1000-b77b6000 r--s 00094000 08:04 3157003    /usr/lib/jvm/java-8-oracle/jre/lib/jsse.jar
b77b6000-b77b7000 r--p 0052e000 08:04 3158825    /usr/lib/locale/locale-archive
b77b7000-b77b8000 rw-p 00000000 00:00 0 
b77b8000-b77b9000 ---p 00000000 00:00 0 
b77b9000-b77c4000 r-xp 00000000 08:04 3156972    /usr/lib/jvm/java-8-oracle/jre/lib/i386/libverify.so
b77c4000-b77c5000 rw-p 0000b000 08:04 3156972    /usr/lib/jvm/java-8-oracle/jre/lib/i386/libverify.so
b77c5000-b77c7000 rw-p 00000000 00:00 0 
b77c7000-b77c8000 r-xp 00000000 00:00 0          [vdso]
b77c8000-b77ca000 r--p 00000000 00:00 0          [vvar]
b77ca000-b77ea000 r-xp 00000000 08:04 2360293    /lib/i386-linux-gnu/ld-2.19.so
b77ea000-b77eb000 r--p 0001f000 08:04 2360293    /lib/i386-linux-gnu/ld-2.19.so
b77eb000-b77ec000 rw-p 00020000 08:04 2360293    /lib/i386-linux-gnu/ld-2.19.so
bfb6e000-bfb6f000 rwxp 00000000 00:00 0 
bfba1000-bfbc2000 rw-p 00000000 00:00 0          [stack]

VM Arguments:
jvm_args: -Xmx1024M -Dfile.encoding=UTF-8 -Duser.country=VE -Duser.language=es -Duser.variant 
java_command: com.android.dx.command.Main --dex --output /home/labsi/movil/America/app/build/intermediates/dex/debug /home/labsi/movil/America/app/build/intermediates/classes/debug /home/labsi/movil/America/app/build/intermediates/pre-dexed/debug/support-annotations-22.0.0-f09af8e32e71fe4a82095146af7e4d09960d6779.jar /home/labsi/movil/America/app/build/intermediates/pre-dexed/debug/classes-c11aefa44571b1afbc525e4d7dec4b9f1995e400.jar /home/labsi/movil/America/app/build/intermediates/pre-dexed/debug/classes-cd835035eef9a3199cc45a1b156b65370c0ec7fd.jar /home/labsi/movil/America/app/build/intermediates/pre-dexed/debug/spring-android-core-2.0.0.M1-4d0f8d51923596a6989bc10788573730fa444488.jar /home/labsi/movil/America/app/build/intermediates/pre-dexed/debug/spring-android-rest-template-2.0.0.M1-e3185ed43663b047f054abe570a2e4af590e75e6.jar /home/labsi/movil/America/app/build/intermediates/pre-dexed/debug/gson-2.3-b76a52fc952c99490fce6ad586dea05f2bc722ed.jar /home/labsi/movil/America/app/build/intermediates/pre-dexed/debug/internal_impl-22.0.0-743614d30f87e4ff2fc1ef4e37ff19ec9ce39422.jar /home/labsi/movil/America/app/build/intermediates/pre-dexed/debug/classes-c1866f8adb8ba4aacbdbf9eef9a5f964e38ee490.jar /home/labsi/movil/America/app/build/intermediates/pre-dexed/debug/classes-a3c78ed2011a96f0c2309027f16a1a30ae102a35.jar /home/labsi/movil/America/app/build/intermediates/pre-dexed/debug/classes-6744811725edbe823fbb6b245ebaf8af89f1a0db.jar
java_class_path (initial): /home/labsi/Android/Sdk/build-tools/22.0.1/lib/dx.jar
Launcher Type: SUN_STANDARD

Environment Variables:
PATH=/usr/local/sbin:/usr/local/bin:/usr/sbin:/usr/bin:/sbin:/bin:/usr/games:/usr/local/games
LD_LIBRARY_PATH=/home/labsi/android-studio/bin:
SHELL=/bin/bash
DISPLAY=:0.0

Signal Handlers:
SIGSEGV: [libjvm.so+0x8c29a0], sa_mask[0]=11111111011111111101111111111110, sa_flags=SA_RESTART|SA_SIGINFO
SIGBUS: [libjvm.so+0x8c29a0], sa_mask[0]=11111111011111111101111111111110, sa_flags=SA_RESTART|SA_SIGINFO
SIGFPE: [libjvm.so+0x7432d0], sa_mask[0]=11111111011111111101111111111110, sa_flags=SA_RESTART|SA_SIGINFO
SIGPIPE: [libjvm.so+0x7432d0], sa_mask[0]=11111111011111111101111111111110, sa_flags=SA_RESTART|SA_SIGINFO
SIGXFSZ: [libjvm.so+0x7432d0], sa_mask[0]=11111111011111111101111111111110, sa_flags=SA_RESTART|SA_SIGINFO
SIGILL: [libjvm.so+0x7432d0], sa_mask[0]=11111111011111111101111111111110, sa_flags=SA_RESTART|SA_SIGINFO
SIGUSR1: SIG_DFL, sa_mask[0]=00000000000000000000000000000000, sa_flags=none
SIGUSR2: [libjvm.so+0x744860], sa_mask[0]=00100000000000000000000000000000, sa_flags=SA_RESTART|SA_SIGINFO
SIGHUP: [libjvm.so+0x745d10], sa_mask[0]=11111111011111111101111111111110, sa_flags=SA_RESTART|SA_SIGINFO
SIGINT: [libjvm.so+0x745d10], sa_mask[0]=11111111011111111101111111111110, sa_flags=SA_RESTART|SA_SIGINFO
SIGTERM: [libjvm.so+0x745d10], sa_mask[0]=11111111011111111101111111111110, sa_flags=SA_RESTART|SA_SIGINFO
SIGQUIT: [libjvm.so+0x745d10], sa_mask[0]=11111111011111111101111111111110, sa_flags=SA_RESTART|SA_SIGINFO


---------------  S Y S T E M  ---------------

OS:DISTRIB_ID=Ubuntu
DISTRIB_RELEASE=14.04
DISTRIB_CODENAME=trusty
DISTRIB_DESCRIPTION="Ubuntu 14.04.2 LTS"

uname:Linux 3.16.0-38-generic #52~14.04.1-Ubuntu SMP Fri May 8 09:44:48 UTC 2015 i686
libc:glibc 2.19 NPTL 2.19 
rlimit: STACK 8192k, CORE 0k, NPROC 23467, NOFILE 4096, AS infinity
load average:1,81 1,41 1,01

/proc/meminfo:
MemTotal:        3031476 kB
MemFree:          169608 kB
MemAvailable:     119064 kB
Buffers:             964 kB
Cached:           167300 kB
SwapCached:            0 kB
Active:          2637488 kB
Inactive:         142472 kB
Active(anon):    2615540 kB
Inactive(anon):   119116 kB
Active(file):      21948 kB
Inactive(file):    23356 kB
Unevictable:          32 kB
Mlocked:              32 kB
HighTotal:       2159576 kB
HighFree:          45892 kB
LowTotal:         871900 kB
LowFree:          123716 kB
SwapTotal:             0 kB
SwapFree:              0 kB
Dirty:                72 kB
Writeback:             0 kB
AnonPages:       2611992 kB
Mapped:            92112 kB
Shmem:            122772 kB
Slab:              34272 kB
SReclaimable:      16716 kB
SUnreclaim:        17556 kB
KernelStack:        3920 kB
PageTables:        16548 kB
NFS_Unstable:          0 kB
Bounce:                0 kB
WritebackTmp:          0 kB
CommitLimit:     1515736 kB
Committed_AS:    5466476 kB
VmallocTotal:     122880 kB
VmallocUsed:       16224 kB
VmallocChunk:     102888 kB
AnonHugePages:   1572864 kB
HugePages_Total:       0
HugePages_Free:        0
HugePages_Rsvd:        0
HugePages_Surp:        0
Hugepagesize:       2048 kB
DirectMap4k:       22520 kB
DirectMap2M:      886784 kB


CPU:total 4 (2 cores per cpu, 2 threads per core) family 6 model 37 stepping 2, cmov, cx8, fxsr, mmx, sse, sse2, sse3, ssse3, sse4.1, sse4.2, popcnt, ht, tsc, tscinvbit

/proc/cpuinfo:
processor	: 0
vendor_id	: GenuineIntel
cpu family	: 6
model		: 37
model name	: Intel(R) Core(TM) i3 CPU       M 330  @ 2.13GHz
stepping	: 2
microcode	: 0x9
cpu MHz		: 2133.000
cache size	: 3072 KB
physical id	: 0
siblings	: 4
core id		: 0
cpu cores	: 2
apicid		: 0
initial apicid	: 0
fdiv_bug	: no
f00f_bug	: no
coma_bug	: no
fpu		: yes
fpu_exception	: yes
cpuid level	: 11
wp		: yes
flags		: fpu vme de pse tsc msr pae mce cx8 apic sep mtrr pge mca cmov pat pse36 clflush dts acpi mmx fxsr sse sse2 ss ht tm pbe nx rdtscp lm constant_tsc arch_perfmon pebs bts xtopology nonstop_tsc aperfmperf pni dtes64 monitor ds_cpl vmx est tm2 ssse3 cx16 xtpr pdcm sse4_1 sse4_2 popcnt lahf_lm arat dtherm tpr_shadow vnmi flexpriority ept vpid
bogomips	: 4256.18
clflush size	: 64
cache_alignment	: 64
address sizes	: 36 bits physical, 48 bits virtual
power management:

processor	: 1
vendor_id	: GenuineIntel
cpu family	: 6
model		: 37
model name	: Intel(R) Core(TM) i3 CPU       M 330  @ 2.13GHz
stepping	: 2
microcode	: 0x9
cpu MHz		: 1333.000
cache size	: 3072 KB
physical id	: 0
siblings	: 4
core id		: 2
cpu cores	: 2
apicid		: 4
initial apicid	: 4
fdiv_bug	: no
f00f_bug	: no
coma_bug	: no
fpu		: yes
fpu_exception	: yes
cpuid level	: 11
wp		: yes
flags		: fpu vme de pse tsc msr pae mce cx8 apic sep mtrr pge mca cmov pat pse36 clflush dts acpi mmx fxsr sse sse2 ss ht tm pbe nx rdtscp lm constant_tsc arch_perfmon pebs bts xtopology nonstop_tsc aperfmperf pni dtes64 monitor ds_cpl vmx est tm2 ssse3 cx16 xtpr pdcm sse4_1 sse4_2 popcnt lahf_lm arat dtherm tpr_shadow vnmi flexpriority ept vpid
bogomips	: 4256.18
clflush size	: 64
cache_alignment	: 64
address sizes	: 36 bits physical, 48 bits virtual
power management:

processor	: 2
vendor_id	: GenuineIntel
cpu family	: 6
model		: 37
model name	: Intel(R) Core(TM) i3 CPU       M 330  @ 2.13GHz
stepping	: 2
microcode	: 0x9
cpu MHz		: 933.000
cache size	: 3072 KB
physical id	: 0
siblings	: 4
core id		: 0
cpu cores	: 2
apicid		: 1
initial apicid	: 1
fdiv_bug	: no
f00f_bug	: no
coma_bug	: no
fpu		: yes
fpu_exception	: yes
cpuid level	: 11
wp		: yes
flags		: fpu vme de pse tsc msr pae mce cx8 apic sep mtrr pge mca cmov pat pse36 clflush dts acpi mmx fxsr sse sse2 ss ht tm pbe nx rdtscp lm constant_tsc arch_perfmon pebs bts xtopology nonstop_tsc aperfmperf pni dtes64 monitor ds_cpl vmx est tm2 ssse3 cx16 xtpr pdcm sse4_1 sse4_2 popcnt lahf_lm arat dtherm tpr_shadow vnmi flexpriority ept vpid
bogomips	: 4256.18
clflush size	: 64
cache_alignment	: 64
address sizes	: 36 bits physical, 48 bits virtual
power management:

processor	: 3
vendor_id	: GenuineIntel
cpu family	: 6
model		: 37
model name	: Intel(R) Core(TM) i3 CPU       M 330  @ 2.13GHz
stepping	: 2
microcode	: 0x9
cpu MHz		: 2133.000
cache size	: 3072 KB
physical id	: 0
siblings	: 4
core id		: 2
cpu cores	: 2
apicid		: 5
initial apicid	: 5
fdiv_bug	: no
f00f_bug	: no
coma_bug	: no
fpu		: yes
fpu_exception	: yes
cpuid level	: 11
wp		: yes
flags		: fpu vme de pse tsc msr pae mce cx8 apic sep mtrr pge mca cmov pat pse36 clflush dts acpi mmx fxsr sse sse2 ss ht tm pbe nx rdtscp lm constant_tsc arch_perfmon pebs bts xtopology nonstop_tsc aperfmperf pni dtes64 monitor ds_cpl vmx est tm2 ssse3 cx16 xtpr pdcm sse4_1 sse4_2 popcnt lahf_lm arat dtherm tpr_shadow vnmi flexpriority ept vpid
bogomips	: 4256.18
clflush size	: 64
cache_alignment	: 64
address sizes	: 36 bits physical, 48 bits virtual
power management:



Memory: 4k page, physical 3031476k(169608k free), swap 0k(0k free)

vm_info: Java HotSpot(TM) Server VM (25.45-b02) for linux-x86 JRE (1.8.0_45-b14), built on Apr 10 2015 10:38:30 by "java_re" with gcc 4.3.0 20080428 (Red Hat 4.3.0-8)

time: Thu Jun 18 23:36:56 2015
elapsed time: 7 seconds (0d 0h 0m 7s)

