#
# There is insufficient memory for the Java Runtime Environment to continue.
# Native memory allocation (mmap) failed to map 62390272 bytes for committing reserved memory.
# Possible reasons:
#   The system is out of physical RAM or swap space
#   In 32 bit mode, the process size limit was hit
# Possible solutions:
#   Reduce memory load on the system
#   Increase physical memory or swap space
#   Check if swap backing store is full
#   Use 64 bit Java on a 64 bit OS
#   Decrease Java heap size (-Xmx/-Xms)
#   Decrease number of Java threads
#   Decrease Java thread stack sizes (-Xss)
#   Set larger code cache with -XX:ReservedCodeCacheSize=
# This output file may be truncated or incomplete.
#
#  Out of Memory Error (os_linux.cpp:2673), pid=4973, tid=1673374528
#
# JRE version: Java(TM) SE Runtime Environment (8.0_45-b14) (build 1.8.0_45-b14)
# Java VM: Java HotSpot(TM) Server VM (25.45-b02 mixed mode linux-x86 )
# Failed to write core dump. Core dumps have been disabled. To enable core dumping, try "ulimit -c unlimited" before starting Java again
#

---------------  T H R E A D  ---------------

Current thread (0x63a81000):  VMThread [stack: 0x63b5a000,0x63bdb000] [id=4984]

Stack: [0x63b5a000,0x63bdb000],  sp=0x63bd99a0,  free space=510k
Native frames: (J=compiled Java code, j=interpreted, Vv=VM code, C=native code)
V  [libjvm.so+0x8c1ecf]  VMError::report_and_die()+0x16f
V  [libjvm.so+0x386495]  report_vm_out_of_memory(char const*, int, unsigned int, VMErrorType, char const*)+0x55
V  [libjvm.so+0x7467a6]  os::Linux::commit_memory_impl(char*, unsigned int, bool)+0xe6
V  [libjvm.so+0x746bc8]  os::pd_commit_memory(char*, unsigned int, unsigned int, bool)+0x28
V  [libjvm.so+0x7402ec]  os::commit_memory(char*, unsigned int, unsigned int, bool)+0x2c
V  [libjvm.so+0x7aa598]  PSVirtualSpace::expand_by(unsigned int)+0x48
V  [libjvm.so+0x7ab69a]  PSYoungGen::resize_generation(unsigned int, unsigned int)+0xda
V  [libjvm.so+0x7aa9c9]  PSYoungGen::resize(unsigned int, unsigned int)+0x19
V  [libjvm.so+0x7a82ed]  PSScavenge::invoke_no_policy()+0xd4d
V  [libjvm.so+0x7a8ab8]  PSScavenge::invoke()+0x28
V  [libjvm.so+0x767d8a]  ParallelScavengeHeap::failed_mem_allocate(unsigned int)+0x5a
V  [libjvm.so+0x8c379a]  VM_ParallelGCFailedAllocation::doit()+0x7a
V  [libjvm.so+0x8cc9b7]  VM_Operation::evaluate()+0x47
V  [libjvm.so+0x8caa93]  VMThread::evaluate_operation(VM_Operation*)+0xb3
V  [libjvm.so+0x8cae30]  VMThread::loop()+0x1b0
V  [libjvm.so+0x8cb295]  VMThread::run()+0x85
V  [libjvm.so+0x749049]  java_start(Thread*)+0x119
C  [libpthread.so.0+0x6f70]  start_thread+0xd0

VM_Operation (0xb676ba14): ParallelGCFailedAllocation, mode: safepoint, requested by thread 0xb6608000


---------------  P R O C E S S  ---------------

Java Threads: ( => current thread )
  0x63aa9400 JavaThread "Service Thread" daemon [_thread_blocked, id=4991, stack(0x632fb000,0x6334c000)]
  0x63aa6000 JavaThread "C1 CompilerThread2" daemon [_thread_blocked, id=4990, stack(0x6334c000,0x633cd000)]
  0x63aa4800 JavaThread "C2 CompilerThread1" daemon [_thread_blocked, id=4989, stack(0x633cd000,0x6344e000)]
  0x63aa2c00 JavaThread "C2 CompilerThread0" daemon [_thread_blocked, id=4988, stack(0x6344e000,0x634cf000)]
  0x63aa1400 JavaThread "Signal Dispatcher" daemon [_thread_blocked, id=4987, stack(0x63b09000,0x63b5a000)]
  0x63a85800 JavaThread "Finalizer" daemon [_thread_blocked, id=4986, stack(0x6672e000,0x6677f000)]
  0x63a84000 JavaThread "Reference Handler" daemon [_thread_blocked, id=4985, stack(0x6692e000,0x6697f000)]
  0xb6608000 JavaThread "main" [_thread_blocked, id=4979, stack(0xb671c000,0xb676d000)]

Other Threads:
=>0x63a81000 VMThread [stack: 0x63b5a000,0x63bdb000] [id=4984]
  0x63aac000 WatcherThread [stack: 0x6327a000,0x632fb000] [id=4992]

VM state:at safepoint (normal execution)

VM Mutex/Monitor currently owned by a thread:  ([mutex/lock_event])
[0xb6605a68] Threads_lock - owner thread: 0x63a81000
[0xb6605e78] Heap_lock - owner thread: 0xb6608000

Heap:
 PSYoungGen      total 51200K, used 1820K [0x91ac0000, 0x94ec0000, 0xa7000000)
  eden space 49152K, 0% used [0x91ac0000,0x91ac0000,0x94ac0000)
  from space 2048K, 88% used [0x94ac0000,0x94c87370,0x94cc0000)
  to   space 2048K, 0% used [0x94cc0000,0x94cc0000,0x94ec0000)
 ParOldGen       total 32768K, used 23628K [0x67000000, 0x69000000, 0x91ac0000)
  object space 32768K, 72% used [0x67000000,0x68713388,0x69000000)
 Metaspace       used 4980K, capacity 5036K, committed 5144K, reserved 5424K

Card table byte_map: [0x66dff000,0x67000000] byte_map_base: 0x66ac7000

Marking Bits: (ParMarkBitMap*) 0xb71a3960
 Begin Bits: [0x64600000, 0x65600000)
 End Bits:   [0x65600000, 0x66600000)

Polling page: 0xb77a5000

CodeCache: size=245760Kb used=6362Kb max_used=6373Kb free=239397Kb
 bounds [0xa757a000, 0xa7bba000, 0xb657a000]
 total_blobs=2477 nmethods=2305 adapters=86
 compilation: enabled

Compilation events (10 events):
Event: 5,336 Thread 0x63aa4800 nmethod 2331 0xa7b85d88 code [0xa7b85e80, 0xa7b85ef0]
Event: 5,336 Thread 0x63aa4800 2346       4       com.android.dx.merge.SortableType::getTypeIndex (8 bytes)
Event: 5,336 Thread 0x63aa4800 nmethod 2346 0xa7b90b08 code [0xa7b90c00, 0xa7b90c50]
Event: 5,336 Thread 0x63aa4800 2338       4       com.android.dex.FieldId::compareTo (9 bytes)
Event: 5,338 Thread 0x63aa4800 nmethod 2338 0xa7b9ffc8 code [0xa7ba00c0, 0xa7ba0190]
Event: 5,338 Thread 0x63aa4800 2348       4       com.android.dx.merge.SortableType$1::compare (13 bytes)
Event: 5,342 Thread 0x63aa4800 nmethod 2348 0xa7b9fc48 code [0xa7b9fd40, 0xa7b9fe30]
Event: 5,342 Thread 0x63aa4800 2349       4       com.android.dx.merge.SortableType$1::compare (50 bytes)
Event: 5,343 Thread 0x63aa4800 nmethod 2349 0xa7bb59c8 code [0xa7bb5ac0, 0xa7bb5b70]
Event: 5,343 Thread 0x63aa4800 2350       4       com.android.dex.Dex$Section::readFields (51 bytes)

GC Heap History (9 events):
Event: 1,775 GC heap before
{Heap before GC invocations=1 (full 0):
 PSYoungGen      total 14336K, used 12288K [0x91ac0000, 0x92ac0000, 0xa7000000)
  eden space 12288K, 100% used [0x91ac0000,0x926c0000,0x926c0000)
  from space 2048K, 0% used [0x928c0000,0x928c0000,0x92ac0000)
  to   space 2048K, 0% used [0x926c0000,0x926c0000,0x928c0000)
 ParOldGen       total 32768K, used 0K [0x67000000, 0x69000000, 0x91ac0000)
  object space 32768K, 0% used [0x67000000,0x67000000,0x69000000)
 Metaspace       used 3435K, capacity 3614K, committed 3736K, reserved 4400K
Event: 1,810 GC heap after
Heap after GC invocations=1 (full 0):
 PSYoungGen      total 14336K, used 2039K [0x91ac0000, 0x936c0000, 0xa7000000)
  eden space 12288K, 0% used [0x91ac0000,0x91ac0000,0x926c0000)
  from space 2048K, 99% used [0x926c0000,0x928bdc40,0x928c0000)
  to   space 2048K, 0% used [0x934c0000,0x934c0000,0x936c0000)
 ParOldGen       total 32768K, used 1542K [0x67000000, 0x69000000, 0x91ac0000)
  object space 32768K, 4% used [0x67000000,0x67181a38,0x69000000)
 Metaspace       used 3435K, capacity 3614K, committed 3736K, reserved 4400K
}
Event: 2,475 GC heap before
{Heap before GC invocations=2 (full 0):
 PSYoungGen      total 14336K, used 14327K [0x91ac0000, 0x936c0000, 0xa7000000)
  eden space 12288K, 100% used [0x91ac0000,0x926c0000,0x926c0000)
  from space 2048K, 99% used [0x926c0000,0x928bdc40,0x928c0000)
  to   space 2048K, 0% used [0x934c0000,0x934c0000,0x936c0000)
 ParOldGen       total 32768K, used 1542K [0x67000000, 0x69000000, 0x91ac0000)
  object space 32768K, 4% used [0x67000000,0x67181a38,0x69000000)
 Metaspace       used 3594K, capacity 3742K, committed 3864K, reserved 4400K
Event: 2,501 GC heap after
Heap after GC invocations=2 (full 0):
 PSYoungGen      total 26624K, used 2032K [0x91ac0000, 0x936c0000, 0xa7000000)
  eden space 24576K, 0% used [0x91ac0000,0x91ac0000,0x932c0000)
  from space 2048K, 99% used [0x934c0000,0x936bc0b0,0x936c0000)
  to   space 2048K, 0% used [0x932c0000,0x932c0000,0x934c0000)
 ParOldGen       total 32768K, used 3731K [0x67000000, 0x69000000, 0x91ac0000)
  object space 32768K, 11% used [0x67000000,0x673a4db8,0x69000000)
 Metaspace       used 3594K, capacity 3742K, committed 3864K, reserved 4400K
}
Event: 4,233 GC heap before
{Heap before GC invocations=3 (full 0):
 PSYoungGen      total 26624K, used 26608K [0x91ac0000, 0x936c0000, 0xa7000000)
  eden space 24576K, 100% used [0x91ac0000,0x932c0000,0x932c0000)
  from space 2048K, 99% used [0x934c0000,0x936bc0b0,0x936c0000)
  to   space 2048K, 0% used [0x932c0000,0x932c0000,0x934c0000)
 ParOldGen       total 32768K, used 3731K [0x67000000, 0x69000000, 0x91ac0000)
  object space 32768K, 11% used [0x67000000,0x673a4db8,0x69000000)
 Metaspace       used 4924K, capacity 4972K, committed 5016K, reserved 5424K
Event: 4,258 GC heap after
Heap after GC invocations=3 (full 0):
 PSYoungGen      total 26624K, used 2043K [0x91ac0000, 0x94ec0000, 0xa7000000)
  eden space 24576K, 0% used [0x91ac0000,0x91ac0000,0x932c0000)
  from space 2048K, 99% used [0x932c0000,0x934beff0,0x934c0000)
  to   space 2048K, 0% used [0x94cc0000,0x94cc0000,0x94ec0000)
 ParOldGen       total 32768K, used 9076K [0x67000000, 0x69000000, 0x91ac0000)
  object space 32768K, 27% used [0x67000000,0x678dd1a0,0x69000000)
 Metaspace       used 4924K, capacity 4972K, committed 5016K, reserved 5424K
}
Event: 4,680 GC heap before
{Heap before GC invocations=4 (full 0):
 PSYoungGen      total 26624K, used 26619K [0x91ac0000, 0x94ec0000, 0xa7000000)
  eden space 24576K, 100% used [0x91ac0000,0x932c0000,0x932c0000)
  from space 2048K, 99% used [0x932c0000,0x934beff0,0x934c0000)
  to   space 2048K, 0% used [0x94cc0000,0x94cc0000,0x94ec0000)
 ParOldGen       total 32768K, used 9076K [0x67000000, 0x69000000, 0x91ac0000)
  object space 32768K, 27% used [0x67000000,0x678dd1a0,0x69000000)
 Metaspace       used 4963K, capacity 5004K, committed 5016K, reserved 5424K
Event: 4,713 GC heap after
Heap after GC invocations=4 (full 0):
 PSYoungGen      total 51200K, used 2041K [0x91ac0000, 0x94ec0000, 0xa7000000)
  eden space 49152K, 0% used [0x91ac0000,0x91ac0000,0x94ac0000)
  from space 2048K, 99% used [0x94cc0000,0x94ebe560,0x94ec0000)
  to   space 2048K, 0% used [0x94ac0000,0x94ac0000,0x94cc0000)
 ParOldGen       total 32768K, used 10502K [0x67000000, 0x69000000, 0x91ac0000)
  object space 32768K, 32% used [0x67000000,0x67a41890,0x69000000)
 Metaspace       used 4963K, capacity 5004K, committed 5016K, reserved 5424K
}
Event: 5,359 GC heap before
{Heap before GC invocations=5 (full 0):
 PSYoungGen      total 51200K, used 51193K [0x91ac0000, 0x94ec0000, 0xa7000000)
  eden space 49152K, 100% used [0x91ac0000,0x94ac0000,0x94ac0000)
  from space 2048K, 99% used [0x94cc0000,0x94ebe560,0x94ec0000)
  to   space 2048K, 0% used [0x94ac0000,0x94ac0000,0x94cc0000)
 ParOldGen       total 32768K, used 10502K [0x67000000, 0x69000000, 0x91ac0000)
  object space 32768K, 32% used [0x67000000,0x67a41890,0x69000000)
 Metaspace       used 4980K, capacity 5036K, committed 5144K, reserved 5424K

Deoptimization events (10 events):
Event: 3,414 Thread 0xb6608000 Uncommon trap: reason=speculate_class_check action=maybe_recompile pc=0xa79a9e70 method=java.util.HashMap.putVal(ILjava/lang/Object;Ljava/lang/Object;ZZ)Ljava/lang/Object; @ 152
Event: 3,414 Thread 0xb6608000 Uncommon trap: reason=class_check action=maybe_recompile pc=0xa79b1d84 method=java.util.HashMap.putVal(ILjava/lang/Object;Ljava/lang/Object;ZZ)Ljava/lang/Object; @ 56
Event: 3,414 Thread 0xb6608000 Uncommon trap: reason=class_check action=maybe_recompile pc=0xa79b1d84 method=java.util.HashMap.putVal(ILjava/lang/Object;Ljava/lang/Object;ZZ)Ljava/lang/Object; @ 56
Event: 3,620 Thread 0xb6608000 Uncommon trap: reason=unstable_if action=reinterpret pc=0xa7a270a8 method=java.util.HashMap.putVal(ILjava/lang/Object;Ljava/lang/Object;ZZ)Ljava/lang/Object; @ 162
Event: 3,659 Thread 0xb6608000 Uncommon trap: reason=unstable_if action=reinterpret pc=0xa799b5d0 method=java.util.HashMap.getNode(ILjava/lang/Object;)Ljava/util/HashMap$Node; @ 84
Event: 3,743 Thread 0xb6608000 Uncommon trap: reason=unstable_if action=reinterpret pc=0xa79aeb3c method=java.util.HashMap.getNode(ILjava/lang/Object;)Ljava/util/HashMap$Node; @ 84
Event: 3,908 Thread 0xb6608000 Uncommon trap: reason=unstable_if action=reinterpret pc=0xa7a331ec method=sun.misc.MetaIndex.mayContain(Ljava/lang/String;)Z @ 13
Event: 3,912 Thread 0xb6608000 Uncommon trap: reason=class_check action=maybe_recompile pc=0xa78c73e8 method=java.util.ArrayList.<init>(Ljava/util/Collection;)V @ 6
Event: 3,951 Thread 0xb6608000 Uncommon trap: reason=class_check action=maybe_recompile pc=0xa78c73e8 method=java.util.ArrayList.<init>(Ljava/util/Collection;)V @ 6
Event: 4,009 Thread 0xb6608000 Uncommon trap: reason=predicate action=maybe_recompile pc=0xa7aa2d10 method=com.android.dex.Leb128.readUnsignedLeb128(Lcom/android/dex/util/ByteInput;)I @ 41

Internal exceptions (6 events):
Event: 0,404 Thread 0xb6608000 Exception <a 'java/lang/NoSuchMethodError': Method sun.misc.Unsafe.defineClass(Ljava/lang/String;[BII)Ljava/lang/Class; name or signature does not match> (0x91ad0288) thrown at [/HUDSON/workspace/8-2-build-linux-i586/jdk8u45/3457/hotspot/src/share/vm/prim
Event: 0,404 Thread 0xb6608000 Exception <a 'java/lang/NoSuchMethodError': Method sun.misc.Unsafe.prefetchRead(Ljava/lang/Object;J)V name or signature does not match> (0x91ad0508) thrown at [/HUDSON/workspace/8-2-build-linux-i586/jdk8u45/3457/hotspot/src/share/vm/prims/jni.cpp, line 39
Event: 3,908 Thread 0xb6608000 Exception <a 'java/security/PrivilegedActionException'> (0x92d17078) thrown at [/HUDSON/workspace/8-2-build-linux-i586/jdk8u45/3457/hotspot/src/share/vm/prims/jvm.cpp, line 1382]
Event: 3,908 Thread 0xb6608000 Exception <a 'java/security/PrivilegedActionException'> (0x92d173b8) thrown at [/HUDSON/workspace/8-2-build-linux-i586/jdk8u45/3457/hotspot/src/share/vm/prims/jvm.cpp, line 1382]
Event: 3,909 Thread 0xb6608000 Exception <a 'java/security/PrivilegedActionException'> (0x92d19818) thrown at [/HUDSON/workspace/8-2-build-linux-i586/jdk8u45/3457/hotspot/src/share/vm/prims/jvm.cpp, line 1382]
Event: 3,909 Thread 0xb6608000 Exception <a 'java/security/PrivilegedActionException'> (0x92d19b58) thrown at [/HUDSON/workspace/8-2-build-linux-i586/jdk8u45/3457/hotspot/src/share/vm/prims/jvm.cpp, line 1382]

Events (10 events):
Event: 4,984 Thread 0xb6608000 DEOPT UNPACKING pc=0xa75b6590 sp=0xb676b9d8 mode 0
Event: 5,118 loading class com/android/dex/Dex$1
Event: 5,118 loading class com/android/dex/Dex$1 done
Event: 5,192 Thread 0xb6608000 DEOPT PACKING pc=0xa7b440d6 sp=0xb676bc10
Event: 5,192 Thread 0xb6608000 DEOPT UNPACKING pc=0xa75b6590 sp=0xb676baa4 mode 0
Event: 5,202 Thread 0xb6608000 DEOPT PACKING pc=0xa7b4478a sp=0xb676bbe0
Event: 5,202 Thread 0xb6608000 DEOPT UNPACKING pc=0xa75b6590 sp=0xb676ba70 mode 0
Event: 5,308 Thread 0xb6608000 DEOPT PACKING pc=0xa7b6db16 sp=0xb676bca0
Event: 5,308 Thread 0xb6608000 DEOPT UNPACKING pc=0xa75b6590 sp=0xb676bb78 mode 0
Event: 5,359 Executing VM operation: ParallelGCFailedAllocation


Dynamic libraries:
08048000-08049000 r-xp 00000000 08:04 3156627    /usr/lib/jvm/java-8-oracle/bin/java
08049000-0804a000 rw-p 00000000 08:04 3156627    /usr/lib/jvm/java-8-oracle/bin/java
081a9000-08241000 rw-p 00000000 00:00 0          [heap]
61f6b000-6202b000 rw-p 00000000 00:00 0 
6202b000-6206b000 ---p 00000000 00:00 0 
62100000-621db000 rw-p 00000000 00:00 0 
621db000-62200000 ---p 00000000 00:00 0 
62200000-622ef000 rw-p 00000000 00:00 0 
622ef000-62300000 ---p 00000000 00:00 0 
62300000-623ea000 rw-p 00000000 00:00 0 
623ea000-62400000 ---p 00000000 00:00 0 
62400000-62453000 rw-p 00000000 00:00 0 
62453000-62500000 ---p 00000000 00:00 0 
62500000-625ff000 rw-p 00000000 00:00 0 
625ff000-62600000 ---p 00000000 00:00 0 
62700000-627fa000 rw-p 00000000 00:00 0 
627fa000-62800000 ---p 00000000 00:00 0 
62800000-628fb000 rw-p 00000000 00:00 0 
628fb000-62900000 ---p 00000000 00:00 0 
62900000-629fe000 rw-p 00000000 00:00 0 
629fe000-62a00000 ---p 00000000 00:00 0 
62a00000-62aff000 rw-p 00000000 00:00 0 
62aff000-62b00000 ---p 00000000 00:00 0 
62b00000-62c00000 rw-p 00000000 00:00 0 
62d00000-62dff000 rw-p 00000000 00:00 0 
62dff000-62e00000 ---p 00000000 00:00 0 
62e00000-62ef9000 rw-p 00000000 00:00 0 
62ef9000-62f00000 ---p 00000000 00:00 0 
62f00000-62ffa000 rw-p 00000000 00:00 0 
62ffa000-63000000 ---p 00000000 00:00 0 
63000000-630fc000 rw-p 00000000 00:00 0 
630fc000-63100000 ---p 00000000 00:00 0 
63100000-631a4000 rw-p 00000000 00:00 0 
631a4000-63200000 ---p 00000000 00:00 0 
6327a000-6327b000 ---p 00000000 00:00 0 
6327b000-632fb000 rw-p 00000000 00:00 0          [stack:4992]
632fb000-632fe000 ---p 00000000 00:00 0 
632fe000-6334c000 rw-p 00000000 00:00 0          [stack:4991]
6334c000-6334f000 ---p 00000000 00:00 0 
6334f000-633cd000 rw-p 00000000 00:00 0          [stack:4990]
633cd000-633d0000 ---p 00000000 00:00 0 
633d0000-6344e000 rw-p 00000000 00:00 0          [stack:4989]
6344e000-63451000 ---p 00000000 00:00 0 
63451000-634cf000 rw-p 00000000 00:00 0          [stack:4988]
634cf000-63600000 r--p 00189000 08:04 3158825    /usr/lib/locale/locale-archive
63600000-63800000 r--p 00000000 08:04 3158825    /usr/lib/locale/locale-archive
63800000-63900000 rw-p 00000000 00:00 0 
63900000-63921000 rw-p 00000000 00:00 0 
63921000-63a00000 ---p 00000000 00:00 0 
63a00000-63afd000 rw-p 00000000 00:00 0 
63afd000-63b00000 ---p 00000000 00:00 0 
63b09000-63b0c000 ---p 00000000 00:00 0 
63b0c000-63b5a000 rw-p 00000000 00:00 0          [stack:4987]
63b5a000-63b5b000 ---p 00000000 00:00 0 
63b5b000-63bdb000 rw-p 00000000 00:00 0          [stack:4984]
63bdb000-63db4000 r--s 03d09000 08:04 3157067    /usr/lib/jvm/java-8-oracle/jre/lib/rt.jar
63db4000-641fa000 rw-p 00000000 00:00 0 
641fa000-64200000 ---p 00000000 00:00 0 
64200000-66600000 rw-p 00000000 00:00 0 
66600000-666ef000 rw-p 00000000 00:00 0 
666ef000-66700000 ---p 00000000 00:00 0 
6672e000-66731000 ---p 00000000 00:00 0 
66731000-6677f000 rw-p 00000000 00:00 0          [stack:4986]
6677f000-66780000 ---p 00000000 00:00 0 
66780000-66800000 rw-p 00000000 00:00 0          [stack:4983]
66800000-668fb000 rw-p 00000000 00:00 0 
668fb000-66900000 ---p 00000000 00:00 0 
6692e000-66931000 ---p 00000000 00:00 0 
66931000-6697f000 rw-p 00000000 00:00 0          [stack:4985]
6697f000-66980000 ---p 00000000 00:00 0 
66980000-66a00000 rw-p 00000000 00:00 0          [stack:4982]
66a00000-66a21000 rw-p 00000000 00:00 0 
66a21000-66b00000 ---p 00000000 00:00 0 
66b30000-66b7f000 rw-p 00000000 00:00 0 
66b7f000-66b80000 ---p 00000000 00:00 0 
66b80000-66c00000 rw-p 00000000 00:00 0          [stack:4981]
66c00000-66c21000 rw-p 00000000 00:00 0 
66c21000-66d00000 ---p 00000000 00:00 0 
66d23000-66d7e000 rw-p 00000000 00:00 0 
66d7e000-66d7f000 ---p 00000000 00:00 0 
66d7f000-66e0f000 rw-p 00000000 00:00 0          [stack:4980]
66e0f000-66f54000 ---p 00000000 00:00 0 
66f54000-66f6f000 rw-p 00000000 00:00 0 
66f6f000-66fff000 ---p 00000000 00:00 0 
66fff000-69000000 rw-p 00000000 00:00 0 
69000000-91ac0000 ---p 00000000 00:00 0 
91ac0000-94ec0000 rw-p 00000000 00:00 0 
987f0000-98a40000 rw-p 00000000 00:00 0 
98a40000-a7000000 ---p 00000000 00:00 0 
a7014000-a701b000 r--s 00000000 08:04 3152413    /usr/lib/i386-linux-gnu/gconv/gconv-modules.cache
a701b000-a7041000 r--p 00000000 08:04 2240558    /usr/share/locale-langpack/es/LC_MESSAGES/libc.mo
a7041000-a704c000 r--s 00116000 08:04 3156876    /usr/lib/jvm/java-8-oracle/jre/lib/ext/localedata.jar
a704c000-a7074000 rw-p 00000000 00:00 0 
a7074000-a71ba000 ---p 00000000 00:00 0 
a71ba000-a71d3000 rw-p 00000000 00:00 0 
a71d3000-a757a000 ---p 00000000 00:00 0 
a757a000-a7bba000 rwxp 00000000 00:00 0 
a7bba000-b657a000 ---p 00000000 00:00 0 
b657a000-b6593000 r-xp 00000000 08:04 3156973    /usr/lib/jvm/java-8-oracle/jre/lib/i386/libzip.so
b6593000-b6594000 rw-p 00018000 08:04 3156973    /usr/lib/jvm/java-8-oracle/jre/lib/i386/libzip.so
b6594000-b659f000 r-xp 00000000 08:04 2360394    /lib/i386-linux-gnu/libnss_files-2.19.so
b659f000-b65a0000 r--p 0000a000 08:04 2360394    /lib/i386-linux-gnu/libnss_files-2.19.so
b65a0000-b65a1000 rw-p 0000b000 08:04 2360394    /lib/i386-linux-gnu/libnss_files-2.19.so
b65a1000-b65ab000 r-xp 00000000 08:04 2360398    /lib/i386-linux-gnu/libnss_nis-2.19.so
b65ab000-b65ac000 r--p 00009000 08:04 2360398    /lib/i386-linux-gnu/libnss_nis-2.19.so
b65ac000-b65ad000 rw-p 0000a000 08:04 2360398    /lib/i386-linux-gnu/libnss_nis-2.19.so
b65ad000-b65c2000 r-xp 00000000 08:04 2360388    /lib/i386-linux-gnu/libnsl-2.19.so
b65c2000-b65c3000 r--p 00015000 08:04 2360388    /lib/i386-linux-gnu/libnsl-2.19.so
b65c3000-b65c4000 rw-p 00016000 08:04 2360388    /lib/i386-linux-gnu/libnsl-2.19.so
b65c4000-b65c6000 rw-p 00000000 00:00 0 
b65cc000-b65db000 r--s 000dd000 08:04 918353     /home/labsi/Android/Sdk/build-tools/22.0.1/lib/dx.jar
b65db000-b65ff000 r-xp 00000000 08:04 3156937    /usr/lib/jvm/java-8-oracle/jre/lib/i386/libjava.so
b65ff000-b6600000 rw-p 00023000 08:04 3156937    /usr/lib/jvm/java-8-oracle/jre/lib/i386/libjava.so
b6600000-b66fc000 rw-p 00000000 00:00 0 
b66fc000-b6700000 ---p 00000000 00:00 0 
b6701000-b6702000 rw-p 00000000 00:00 0 
b6702000-b670a000 rw-s 00000000 08:04 3166639    /tmp/hsperfdata_labsi/4973
b670a000-b6711000 r-xp 00000000 08:04 2360390    /lib/i386-linux-gnu/libnss_compat-2.19.so
b6711000-b6712000 r--p 00006000 08:04 2360390    /lib/i386-linux-gnu/libnss_compat-2.19.so
b6712000-b6713000 rw-p 00007000 08:04 2360390    /lib/i386-linux-gnu/libnss_compat-2.19.so
b6713000-b671a000 r-xp 00000000 08:04 2360445    /lib/i386-linux-gnu/librt-2.19.so
b671a000-b671b000 r--p 00006000 08:04 2360445    /lib/i386-linux-gnu/librt-2.19.so
b671b000-b671c000 rw-p 00007000 08:04 2360445    /lib/i386-linux-gnu/librt-2.19.so
b671c000-b671f000 ---p 00000000 00:00 0 
b671f000-b676d000 rw-p 00000000 00:00 0          [stack:4979]
b676d000-b67b1000 r-xp 00000000 08:04 2360369    /lib/i386-linux-gnu/libm-2.19.so
b67b1000-b67b2000 r--p 00043000 08:04 2360369    /lib/i386-linux-gnu/libm-2.19.so
b67b2000-b67b3000 rw-p 00044000 08:04 2360369    /lib/i386-linux-gnu/libm-2.19.so
b67b3000-b7126000 r-xp 00000000 08:04 3156977    /usr/lib/jvm/java-8-oracle/jre/lib/i386/server/libjvm.so
b7126000-b7192000 rw-p 00972000 08:04 3156977    /usr/lib/jvm/java-8-oracle/jre/lib/i386/server/libjvm.so
b7192000-b75b8000 rw-p 00000000 00:00 0 
b75b8000-b7760000 r-xp 00000000 08:04 2360319    /lib/i386-linux-gnu/libc-2.19.so
b7760000-b7762000 r--p 001a8000 08:04 2360319    /lib/i386-linux-gnu/libc-2.19.so
b7762000-b7763000 rw-p 001aa000 08:04 2360319    /lib/i386-linux-gnu/libc-2.19.so
b7763000-b7766000 rw-p 00000000 00:00 0 
b7766000-b7769000 r-xp 00000000 08:04 2360336    /lib/i386-linux-gnu/libdl-2.19.so
b7769000-b776a000 r--p 00002000 08:04 2360336    /lib/i386-linux-gnu/libdl-2.19.so
b776a000-b776b000 rw-p 00003000 08:04 2360336    /lib/i386-linux-gnu/libdl-2.19.so
b776b000-b777f000 r-xp 00000000 08:04 3157090    /usr/lib/jvm/java-8-oracle/lib/i386/jli/libjli.so
b777f000-b7780000 rw-p 00014000 08:04 3157090    /usr/lib/jvm/java-8-oracle/lib/i386/jli/libjli.so
b7780000-b7781000 rw-p 00000000 00:00 0 
b7781000-b7799000 r-xp 00000000 08:04 2360437    /lib/i386-linux-gnu/libpthread-2.19.so
b7799000-b779a000 r--p 00018000 08:04 2360437    /lib/i386-linux-gnu/libpthread-2.19.so
b779a000-b779b000 rw-p 00019000 08:04 2360437    /lib/i386-linux-gnu/libpthread-2.19.so
b779b000-b779e000 rw-p 00000000 00:00 0 
b779e000-b77a3000 r--s 00094000 08:04 3157003    /usr/lib/jvm/java-8-oracle/jre/lib/jsse.jar
b77a3000-b77a4000 r--p 0052e000 08:04 3158825    /usr/lib/locale/locale-archive
b77a4000-b77a5000 rw-p 00000000 00:00 0 
b77a5000-b77a6000 ---p 00000000 00:00 0 
b77a6000-b77b1000 r-xp 00000000 08:04 3156972    /usr/lib/jvm/java-8-oracle/jre/lib/i386/libverify.so
b77b1000-b77b2000 rw-p 0000b000 08:04 3156972    /usr/lib/jvm/java-8-oracle/jre/lib/i386/libverify.so
b77b2000-b77b4000 rw-p 00000000 00:00 0 
b77b4000-b77b5000 r-xp 00000000 00:00 0          [vdso]
b77b5000-b77b7000 r--p 00000000 00:00 0          [vvar]
b77b7000-b77d7000 r-xp 00000000 08:04 2360293    /lib/i386-linux-gnu/ld-2.19.so
b77d7000-b77d8000 r--p 0001f000 08:04 2360293    /lib/i386-linux-gnu/ld-2.19.so
b77d8000-b77d9000 rw-p 00020000 08:04 2360293    /lib/i386-linux-gnu/ld-2.19.so
bfc9e000-bfc9f000 rwxp 00000000 00:00 0 
bfcd1000-bfcf2000 rw-p 00000000 00:00 0          [stack]

VM Arguments:
jvm_args: -Xmx1024M -Dfile.encoding=UTF-8 -Duser.country=VE -Duser.language=es -Duser.variant 
java_command: com.android.dx.command.Main --dex --output /home/labsi/AndroidStudioProjects/movil/America/app/build/intermediates/dex/debug /home/labsi/AndroidStudioProjects/movil/America/app/build/intermediates/classes/debug /home/labsi/AndroidStudioProjects/movil/America/app/build/intermediates/pre-dexed/debug/support-annotations-22.0.0-f09af8e32e71fe4a82095146af7e4d09960d6779.jar /home/labsi/AndroidStudioProjects/movil/America/app/build/intermediates/pre-dexed/debug/classes-a4cbb60d0426052b2e076fd176a438c67e581ba8.jar /home/labsi/AndroidStudioProjects/movil/America/app/build/intermediates/pre-dexed/debug/classes-62f0a607bebcdfa624f4fae7f4cf761a222d510a.jar /home/labsi/AndroidStudioProjects/movil/America/app/build/intermediates/pre-dexed/debug/classes-039fd0179cf2d5c3734c614677dce86e2d87d8a0.jar /home/labsi/AndroidStudioProjects/movil/America/app/build/intermediates/pre-dexed/debug/spring-android-core-2.0.0.M1-4d0f8d51923596a6989bc10788573730fa444488.jar /home/labsi/AndroidStudioProjects/movil/America/app/build/intermediates/pre-dexed/debug/spring-android-rest-template-2.0.0.M1-e3185ed43663b047f054abe570a2e4af590e75e6.jar /home/labsi/AndroidStudioProjects/movil/America/app/build/intermediates/pre-dexed/debug/gson-2.3-b76a52fc952c99490fce6ad586dea05f2bc722ed.jar /home/labsi/AndroidStudioProjects/movil/America/app/build/intermediates/pre-dexed/debug/internal_impl-22.0.0-231fd8326b990ede2b1fdbb9efb56f69f137c86a.jar /home/labsi/AndroidStudioProjects/movil/America/app/build/intermediates/pre-dexed/debug/classes-5c2da3fdb0fb1e9808a7f8c7e2ef2647a365db03.jar /home/labsi/AndroidStudioProjects/movil/America/app/build/intermediates/pre-dexed/debug/classes-d88b92852ad878d3d00f340df0cfaed371283855.jar /home/labsi/AndroidStudioProjects/movil/America/app/build/intermediates/pre-dexed/debug/classes-03e010cb771721775217838915150556610fac15.jar
java_class_path (initial): /home/labsi/Android/Sdk/build-tools/22.0.1/lib/dx.jar
Launcher Type: SUN_STANDARD

Environment Variables:
PATH=/usr/local/sbin:/usr/local/bin:/usr/sbin:/usr/bin:/sbin:/bin:/usr/games:/usr/local/games
LD_LIBRARY_PATH=/home/labsi/android-studio/bin:
SHELL=/bin/bash
DISPLAY=:0.0

Signal Handlers:
SIGSEGV: [libjvm.so+0x8c29a0], sa_mask[0]=11111111011111111101111111111110, sa_flags=SA_RESTART|SA_SIGINFO
SIGBUS: [libjvm.so+0x8c29a0], sa_mask[0]=11111111011111111101111111111110, sa_flags=SA_RESTART|SA_SIGINFO
SIGFPE: [libjvm.so+0x7432d0], sa_mask[0]=11111111011111111101111111111110, sa_flags=SA_RESTART|SA_SIGINFO
SIGPIPE: [libjvm.so+0x7432d0], sa_mask[0]=11111111011111111101111111111110, sa_flags=SA_RESTART|SA_SIGINFO
SIGXFSZ: [libjvm.so+0x7432d0], sa_mask[0]=11111111011111111101111111111110, sa_flags=SA_RESTART|SA_SIGINFO
SIGILL: [libjvm.so+0x7432d0], sa_mask[0]=11111111011111111101111111111110, sa_flags=SA_RESTART|SA_SIGINFO
SIGUSR1: SIG_DFL, sa_mask[0]=00000000000000000000000000000000, sa_flags=none
SIGUSR2: [libjvm.so+0x744860], sa_mask[0]=00100000000000000000000000000000, sa_flags=SA_RESTART|SA_SIGINFO
SIGHUP: [libjvm.so+0x745d10], sa_mask[0]=11111111011111111101111111111110, sa_flags=SA_RESTART|SA_SIGINFO
SIGINT: [libjvm.so+0x745d10], sa_mask[0]=11111111011111111101111111111110, sa_flags=SA_RESTART|SA_SIGINFO
SIGTERM: [libjvm.so+0x745d10], sa_mask[0]=11111111011111111101111111111110, sa_flags=SA_RESTART|SA_SIGINFO
SIGQUIT: [libjvm.so+0x745d10], sa_mask[0]=11111111011111111101111111111110, sa_flags=SA_RESTART|SA_SIGINFO


---------------  S Y S T E M  ---------------

OS:DISTRIB_ID=Ubuntu
DISTRIB_RELEASE=14.04
DISTRIB_CODENAME=trusty
DISTRIB_DESCRIPTION="Ubuntu 14.04.2 LTS"

uname:Linux 3.16.0-38-generic #52~14.04.1-Ubuntu SMP Fri May 8 09:44:48 UTC 2015 i686
libc:glibc 2.19 NPTL 2.19 
rlimit: STACK 8192k, CORE 0k, NPROC 23467, NOFILE 4096, AS infinity
load average:2,01 1,16 0,79

/proc/meminfo:
MemTotal:        3031476 kB
MemFree:          173668 kB
MemAvailable:     124796 kB
Buffers:            2644 kB
Cached:           278604 kB
SwapCached:            0 kB
Active:          2520624 kB
Inactive:         253464 kB
Active(anon):    2496616 kB
Inactive(anon):   229560 kB
Active(file):      24008 kB
Inactive(file):    23904 kB
Unevictable:          32 kB
Mlocked:              32 kB
HighTotal:       2159576 kB
HighFree:          49596 kB
LowTotal:         871900 kB
LowFree:          124072 kB
SwapTotal:             0 kB
SwapFree:              0 kB
Dirty:               264 kB
Writeback:             0 kB
AnonPages:       2493164 kB
Mapped:           214512 kB
Shmem:            233060 kB
Slab:              34588 kB
SReclaimable:      17456 kB
SUnreclaim:        17132 kB
KernelStack:        4344 kB
PageTables:        15848 kB
NFS_Unstable:          0 kB
Bounce:                0 kB
WritebackTmp:          0 kB
CommitLimit:     1515736 kB
Committed_AS:    5270208 kB
VmallocTotal:     122880 kB
VmallocUsed:       16192 kB
VmallocChunk:     103660 kB
AnonHugePages:   1466368 kB
HugePages_Total:       0
HugePages_Free:        0
HugePages_Rsvd:        0
HugePages_Surp:        0
Hugepagesize:       2048 kB
DirectMap4k:       32760 kB
DirectMap2M:      876544 kB


CPU:total 4 (2 cores per cpu, 2 threads per core) family 6 model 37 stepping 2, cmov, cx8, fxsr, mmx, sse, sse2, sse3, ssse3, sse4.1, sse4.2, popcnt, ht, tsc, tscinvbit

/proc/cpuinfo:
processor	: 0
vendor_id	: GenuineIntel
cpu family	: 6
model		: 37
model name	: Intel(R) Core(TM) i3 CPU       M 330  @ 2.13GHz
stepping	: 2
microcode	: 0x9
cpu MHz		: 2133.000
cache size	: 3072 KB
physical id	: 0
siblings	: 4
core id		: 0
cpu cores	: 2
apicid		: 0
initial apicid	: 0
fdiv_bug	: no
f00f_bug	: no
coma_bug	: no
fpu		: yes
fpu_exception	: yes
cpuid level	: 11
wp		: yes
flags		: fpu vme de pse tsc msr pae mce cx8 apic sep mtrr pge mca cmov pat pse36 clflush dts acpi mmx fxsr sse sse2 ss ht tm pbe nx rdtscp lm constant_tsc arch_perfmon pebs bts xtopology nonstop_tsc aperfmperf pni dtes64 monitor ds_cpl vmx est tm2 ssse3 cx16 xtpr pdcm sse4_1 sse4_2 popcnt lahf_lm arat dtherm tpr_shadow vnmi flexpriority ept vpid
bogomips	: 4255.97
clflush size	: 64
cache_alignment	: 64
address sizes	: 36 bits physical, 48 bits virtual
power management:

processor	: 1
vendor_id	: GenuineIntel
cpu family	: 6
model		: 37
model name	: Intel(R) Core(TM) i3 CPU       M 330  @ 2.13GHz
stepping	: 2
microcode	: 0x9
cpu MHz		: 2133.000
cache size	: 3072 KB
physical id	: 0
siblings	: 4
core id		: 2
cpu cores	: 2
apicid		: 4
initial apicid	: 4
fdiv_bug	: no
f00f_bug	: no
coma_bug	: no
fpu		: yes
fpu_exception	: yes
cpuid level	: 11
wp		: yes
flags		: fpu vme de pse tsc msr pae mce cx8 apic sep mtrr pge mca cmov pat pse36 clflush dts acpi mmx fxsr sse sse2 ss ht tm pbe nx rdtscp lm constant_tsc arch_perfmon pebs bts xtopology nonstop_tsc aperfmperf pni dtes64 monitor ds_cpl vmx est tm2 ssse3 cx16 xtpr pdcm sse4_1 sse4_2 popcnt lahf_lm arat dtherm tpr_shadow vnmi flexpriority ept vpid
bogomips	: 4255.97
clflush size	: 64
cache_alignment	: 64
address sizes	: 36 bits physical, 48 bits virtual
power management:

processor	: 2
vendor_id	: GenuineIntel
cpu family	: 6
model		: 37
model name	: Intel(R) Core(TM) i3 CPU       M 330  @ 2.13GHz
stepping	: 2
microcode	: 0x9
cpu MHz		: 1466.000
cache size	: 3072 KB
physical id	: 0
siblings	: 4
core id		: 0
cpu cores	: 2
apicid		: 1
initial apicid	: 1
fdiv_bug	: no
f00f_bug	: no
coma_bug	: no
fpu		: yes
fpu_exception	: yes
cpuid level	: 11
wp		: yes
flags		: fpu vme de pse tsc msr pae mce cx8 apic sep mtrr pge mca cmov pat pse36 clflush dts acpi mmx fxsr sse sse2 ss ht tm pbe nx rdtscp lm constant_tsc arch_perfmon pebs bts xtopology nonstop_tsc aperfmperf pni dtes64 monitor ds_cpl vmx est tm2 ssse3 cx16 xtpr pdcm sse4_1 sse4_2 popcnt lahf_lm arat dtherm tpr_shadow vnmi flexpriority ept vpid
bogomips	: 4255.97
clflush size	: 64
cache_alignment	: 64
address sizes	: 36 bits physical, 48 bits virtual
power management:

processor	: 3
vendor_id	: GenuineIntel
cpu family	: 6
model		: 37
model name	: Intel(R) Core(TM) i3 CPU       M 330  @ 2.13GHz
stepping	: 2
microcode	: 0x9
cpu MHz		: 2133.000
cache size	: 3072 KB
physical id	: 0
siblings	: 4
core id		: 2
cpu cores	: 2
apicid		: 5
initial apicid	: 5
fdiv_bug	: no
f00f_bug	: no
coma_bug	: no
fpu		: yes
fpu_exception	: yes
cpuid level	: 11
wp		: yes
flags		: fpu vme de pse tsc msr pae mce cx8 apic sep mtrr pge mca cmov pat pse36 clflush dts acpi mmx fxsr sse sse2 ss ht tm pbe nx rdtscp lm constant_tsc arch_perfmon pebs bts xtopology nonstop_tsc aperfmperf pni dtes64 monitor ds_cpl vmx est tm2 ssse3 cx16 xtpr pdcm sse4_1 sse4_2 popcnt lahf_lm arat dtherm tpr_shadow vnmi flexpriority ept vpid
bogomips	: 4255.97
clflush size	: 64
cache_alignment	: 64
address sizes	: 36 bits physical, 48 bits virtual
power management:



Memory: 4k page, physical 3031476k(173668k free), swap 0k(0k free)

vm_info: Java HotSpot(TM) Server VM (25.45-b02) for linux-x86 JRE (1.8.0_45-b14), built on Apr 10 2015 10:38:30 by "java_re" with gcc 4.3.0 20080428 (Red Hat 4.3.0-8)

time: Wed Jun 24 10:35:10 2015
elapsed time: 5 seconds (0d 0h 0m 5s)

