#
# There is insufficient memory for the Java Runtime Environment to continue.
# Native memory allocation (mmap) failed to map 67108864 bytes for committing reserved memory.
# Possible reasons:
#   The system is out of physical RAM or swap space
#   In 32 bit mode, the process size limit was hit
# Possible solutions:
#   Reduce memory load on the system
#   Increase physical memory or swap space
#   Check if swap backing store is full
#   Use 64 bit Java on a 64 bit OS
#   Decrease Java heap size (-Xmx/-Xms)
#   Decrease number of Java threads
#   Decrease Java thread stack sizes (-Xss)
#   Set larger code cache with -XX:ReservedCodeCacheSize=
# This output file may be truncated or incomplete.
#
#  Out of Memory Error (os_linux.cpp:2673), pid=5779, tid=1674423104
#
# JRE version: Java(TM) SE Runtime Environment (8.0_45-b14) (build 1.8.0_45-b14)
# Java VM: Java HotSpot(TM) Server VM (25.45-b02 mixed mode linux-x86 )
# Failed to write core dump. Core dumps have been disabled. To enable core dumping, try "ulimit -c unlimited" before starting Java again
#

---------------  T H R E A D  ---------------

Current thread (0x63b80c00):  VMThread [stack: 0x63c5a000,0x63cdb000] [id=5790]

Stack: [0x63c5a000,0x63cdb000],  sp=0x63cd96a0,  free space=509k
Native frames: (J=compiled Java code, j=interpreted, Vv=VM code, C=native code)
V  [libjvm.so+0x8c1ecf]  VMError::report_and_die()+0x16f
V  [libjvm.so+0x386495]  report_vm_out_of_memory(char const*, int, unsigned int, VMErrorType, char const*)+0x55
V  [libjvm.so+0x7467a6]  os::Linux::commit_memory_impl(char*, unsigned int, bool)+0xe6
V  [libjvm.so+0x746bc8]  os::pd_commit_memory(char*, unsigned int, unsigned int, bool)+0x28
V  [libjvm.so+0x7402ec]  os::commit_memory(char*, unsigned int, unsigned int, bool)+0x2c
V  [libjvm.so+0x7aa598]  PSVirtualSpace::expand_by(unsigned int)+0x48
V  [libjvm.so+0x7ab69a]  PSYoungGen::resize_generation(unsigned int, unsigned int)+0xda
V  [libjvm.so+0x7aa9c9]  PSYoungGen::resize(unsigned int, unsigned int)+0x19
V  [libjvm.so+0x7a82ed]  PSScavenge::invoke_no_policy()+0xd4d
V  [libjvm.so+0x7a8ab8]  PSScavenge::invoke()+0x28
V  [libjvm.so+0x767d8a]  ParallelScavengeHeap::failed_mem_allocate(unsigned int)+0x5a
V  [libjvm.so+0x8c379a]  VM_ParallelGCFailedAllocation::doit()+0x7a
V  [libjvm.so+0x8cc9b7]  VM_Operation::evaluate()+0x47
V  [libjvm.so+0x8caa93]  VMThread::evaluate_operation(VM_Operation*)+0xb3
V  [libjvm.so+0x8cae30]  VMThread::loop()+0x1b0
V  [libjvm.so+0x8cb295]  VMThread::run()+0x85
V  [libjvm.so+0x749049]  java_start(Thread*)+0x119
C  [libpthread.so.0+0x6f70]  start_thread+0xd0

VM_Operation (0xb678da44): ParallelGCFailedAllocation, mode: safepoint, requested by thread 0xb6608000


---------------  P R O C E S S  ---------------

Java Threads: ( => current thread )
  0x63baa400 JavaThread "Service Thread" daemon [_thread_blocked, id=5797, stack(0x633aa000,0x633fb000)]
  0x63ba7000 JavaThread "C1 CompilerThread2" daemon [_thread_blocked, id=5796, stack(0x633fb000,0x6347c000)]
  0x63ba5800 JavaThread "C2 CompilerThread1" daemon [_thread_blocked, id=5795, stack(0x6347c000,0x634fd000)]
  0x63ba3800 JavaThread "C2 CompilerThread0" daemon [_thread_blocked, id=5794, stack(0x634fd000,0x6357e000)]
  0x63ba2000 JavaThread "Signal Dispatcher" daemon [_thread_blocked, id=5793, stack(0x6357e000,0x635cf000)]
  0x63b85400 JavaThread "Finalizer" daemon [_thread_blocked, id=5792, stack(0x63c09000,0x63c5a000)]
  0x63b83c00 JavaThread "Reference Handler" daemon [_thread_blocked, id=5791, stack(0x6682e000,0x6687f000)]
  0xb6608000 JavaThread "main" [_thread_blocked, id=5785, stack(0xb673e000,0xb678f000)]

Other Threads:
=>0x63b80c00 VMThread [stack: 0x63c5a000,0x63cdb000] [id=5790]
  0x63bad000 WatcherThread [stack: 0x63329000,0x633aa000] [id=5798]

VM state:at safepoint (normal execution)

VM Mutex/Monitor currently owned by a thread:  ([mutex/lock_event])
[0xb6605738] Threads_lock - owner thread: 0x63b80c00
[0xb6605b48] Heap_lock - owner thread: 0xb6608000

Heap:
 PSYoungGen      total 51200K, used 2045K [0x91ac0000, 0x94ec0000, 0xa7000000)
  eden space 49152K, 0% used [0x91ac0000,0x91ac0000,0x94ac0000)
  from space 2048K, 99% used [0x94ac0000,0x94cbf7e8,0x94cc0000)
  to   space 2048K, 0% used [0x94cc0000,0x94cc0000,0x94ec0000)
 ParOldGen       total 32768K, used 17684K [0x67000000, 0x69000000, 0x91ac0000)
  object space 32768K, 53% used [0x67000000,0x681451e8,0x69000000)
 Metaspace       used 4898K, capacity 4940K, committed 5016K, reserved 5424K

Card table byte_map: [0x66dff000,0x67000000] byte_map_base: 0x66ac7000

Marking Bits: (ParMarkBitMap*) 0xb71c5960
 Begin Bits: [0x64700000, 0x65700000)
 End Bits:   [0x65700000, 0x66700000)

Polling page: 0xb77c7000

CodeCache: size=245760Kb used=5511Kb max_used=5523Kb free=240248Kb
 bounds [0xa759f000, 0xa7b0f000, 0xb659f000]
 total_blobs=2304 nmethods=2132 adapters=86
 compilation: enabled

Compilation events (10 events):
Event: 3,897 Thread 0x63ba3800 nmethod 2165 0xa7a8aa48 code [0xa7a8ab40, 0xa7a8ab90]
Event: 3,897 Thread 0x63ba3800 2164       4       com.android.dex.ClassDef::<init> (62 bytes)
Event: 3,898 Thread 0x63ba7000 2166       3       java.util.TimSort::mergeCollapse (101 bytes)
Event: 3,898 Thread 0x63ba7000 nmethod 2166 0xa7b04ec8 code [0xa7b05020, 0xa7b05318]
Event: 3,899 Thread 0x63ba3800 nmethod 2164 0xa7ae6a88 code [0xa7ae6b80, 0xa7ae6c10]
Event: 3,899 Thread 0x63ba3800 2154       4       com.android.dx.merge.DexMerger$4::write (9 bytes)
Event: 3,900 Thread 0x63ba7000 2167       3       com.android.dex.Dex$Section::findCatchHandlerIndex (38 bytes)
Event: 3,901 Thread 0x63ba7000 nmethod 2167 0xa7af9c48 code [0xa7af9d80, 0xa7af9fcc]
Event: 3,909 Thread 0x63ba3800 nmethod 2154 0xa7b02888 code [0xa7b029c0, 0xa7b02db0]
Event: 3,910 Thread 0x63ba3800 2171       4       com.android.dex.Dex$Section::readFields (51 bytes)

GC Heap History (9 events):
Event: 1,835 GC heap before
{Heap before GC invocations=1 (full 0):
 PSYoungGen      total 14336K, used 12288K [0x91ac0000, 0x92ac0000, 0xa7000000)
  eden space 12288K, 100% used [0x91ac0000,0x926c0000,0x926c0000)
  from space 2048K, 0% used [0x928c0000,0x928c0000,0x92ac0000)
  to   space 2048K, 0% used [0x926c0000,0x926c0000,0x928c0000)
 ParOldGen       total 32768K, used 0K [0x67000000, 0x69000000, 0x91ac0000)
  object space 32768K, 0% used [0x67000000,0x67000000,0x69000000)
 Metaspace       used 3418K, capacity 3614K, committed 3736K, reserved 4400K
Event: 1,855 GC heap after
Heap after GC invocations=1 (full 0):
 PSYoungGen      total 14336K, used 2047K [0x91ac0000, 0x936c0000, 0xa7000000)
  eden space 12288K, 0% used [0x91ac0000,0x91ac0000,0x926c0000)
  from space 2048K, 99% used [0x926c0000,0x928bfc50,0x928c0000)
  to   space 2048K, 0% used [0x934c0000,0x934c0000,0x936c0000)
 ParOldGen       total 32768K, used 1530K [0x67000000, 0x69000000, 0x91ac0000)
  object space 32768K, 4% used [0x67000000,0x6717e9c0,0x69000000)
 Metaspace       used 3418K, capacity 3614K, committed 3736K, reserved 4400K
}
Event: 2,225 GC heap before
{Heap before GC invocations=2 (full 0):
 PSYoungGen      total 14336K, used 14233K [0x91ac0000, 0x936c0000, 0xa7000000)
  eden space 12288K, 99% used [0x91ac0000,0x926a6850,0x926c0000)
  from space 2048K, 99% used [0x926c0000,0x928bfc50,0x928c0000)
  to   space 2048K, 0% used [0x934c0000,0x934c0000,0x936c0000)
 ParOldGen       total 32768K, used 1530K [0x67000000, 0x69000000, 0x91ac0000)
  object space 32768K, 4% used [0x67000000,0x6717e9c0,0x69000000)
 Metaspace       used 3564K, capacity 3710K, committed 3736K, reserved 4400K
Event: 2,237 GC heap after
Heap after GC invocations=2 (full 0):
 PSYoungGen      total 26624K, used 2041K [0x91ac0000, 0x936c0000, 0xa7000000)
  eden space 24576K, 0% used [0x91ac0000,0x91ac0000,0x932c0000)
  from space 2048K, 99% used [0x934c0000,0x936be630,0x936c0000)
  to   space 2048K, 0% used [0x932c0000,0x932c0000,0x934c0000)
 ParOldGen       total 32768K, used 4274K [0x67000000, 0x69000000, 0x91ac0000)
  object space 32768K, 13% used [0x67000000,0x6742cb08,0x69000000)
 Metaspace       used 3564K, capacity 3710K, committed 3736K, reserved 4400K
}
Event: 3,278 GC heap before
{Heap before GC invocations=3 (full 0):
 PSYoungGen      total 26624K, used 26617K [0x91ac0000, 0x936c0000, 0xa7000000)
  eden space 24576K, 100% used [0x91ac0000,0x932c0000,0x932c0000)
  from space 2048K, 99% used [0x934c0000,0x936be630,0x936c0000)
  to   space 2048K, 0% used [0x932c0000,0x932c0000,0x934c0000)
 ParOldGen       total 32768K, used 4274K [0x67000000, 0x69000000, 0x91ac0000)
  object space 32768K, 13% used [0x67000000,0x6742cb08,0x69000000)
 Metaspace       used 4862K, capacity 4940K, committed 5016K, reserved 5424K
Event: 3,289 GC heap after
Heap after GC invocations=3 (full 0):
 PSYoungGen      total 26624K, used 2035K [0x91ac0000, 0x94ec0000, 0xa7000000)
  eden space 24576K, 0% used [0x91ac0000,0x91ac0000,0x932c0000)
  from space 2048K, 99% used [0x932c0000,0x934bce08,0x934c0000)
  to   space 2048K, 0% used [0x94cc0000,0x94cc0000,0x94ec0000)
 ParOldGen       total 32768K, used 8545K [0x67000000, 0x69000000, 0x91ac0000)
  object space 32768K, 26% used [0x67000000,0x67858688,0x69000000)
 Metaspace       used 4862K, capacity 4940K, committed 5016K, reserved 5424K
}
Event: 3,498 GC heap before
{Heap before GC invocations=4 (full 0):
 PSYoungGen      total 26624K, used 26611K [0x91ac0000, 0x94ec0000, 0xa7000000)
  eden space 24576K, 100% used [0x91ac0000,0x932c0000,0x932c0000)
  from space 2048K, 99% used [0x932c0000,0x934bce08,0x934c0000)
  to   space 2048K, 0% used [0x94cc0000,0x94cc0000,0x94ec0000)
 ParOldGen       total 32768K, used 8545K [0x67000000, 0x69000000, 0x91ac0000)
  object space 32768K, 26% used [0x67000000,0x67858688,0x69000000)
 Metaspace       used 4887K, capacity 4940K, committed 5016K, reserved 5424K
Event: 3,531 GC heap after
Heap after GC invocations=4 (full 0):
 PSYoungGen      total 51200K, used 2037K [0x91ac0000, 0x94ec0000, 0xa7000000)
  eden space 49152K, 0% used [0x91ac0000,0x91ac0000,0x94ac0000)
  from space 2048K, 99% used [0x94cc0000,0x94ebd7d8,0x94ec0000)
  to   space 2048K, 0% used [0x94ac0000,0x94ac0000,0x94cc0000)
 ParOldGen       total 32768K, used 9873K [0x67000000, 0x69000000, 0x91ac0000)
  object space 32768K, 30% used [0x67000000,0x679a44c8,0x69000000)
 Metaspace       used 4887K, capacity 4940K, committed 5016K, reserved 5424K
}
Event: 3,933 GC heap before
{Heap before GC invocations=5 (full 0):
 PSYoungGen      total 51200K, used 51189K [0x91ac0000, 0x94ec0000, 0xa7000000)
  eden space 49152K, 100% used [0x91ac0000,0x94ac0000,0x94ac0000)
  from space 2048K, 99% used [0x94cc0000,0x94ebd7d8,0x94ec0000)
  to   space 2048K, 0% used [0x94ac0000,0x94ac0000,0x94cc0000)
 ParOldGen       total 32768K, used 9873K [0x67000000, 0x69000000, 0x91ac0000)
  object space 32768K, 30% used [0x67000000,0x679a44c8,0x69000000)
 Metaspace       used 4898K, capacity 4940K, committed 5016K, reserved 5424K

Deoptimization events (10 events):
Event: 2,591 Thread 0xb6608000 Uncommon trap: reason=class_check action=maybe_recompile pc=0xa790657c method=java.util.HashMap.putVal(ILjava/lang/Object;Ljava/lang/Object;ZZ)Ljava/lang/Object; @ 56
Event: 2,592 Thread 0xb6608000 Uncommon trap: reason=class_check action=maybe_recompile pc=0xa790657c method=java.util.HashMap.putVal(ILjava/lang/Object;Ljava/lang/Object;ZZ)Ljava/lang/Object; @ 56
Event: 2,592 Thread 0xb6608000 Uncommon trap: reason=class_check action=maybe_recompile pc=0xa790657c method=java.util.HashMap.putVal(ILjava/lang/Object;Ljava/lang/Object;ZZ)Ljava/lang/Object; @ 56
Event: 2,592 Thread 0xb6608000 Uncommon trap: reason=class_check action=maybe_recompile pc=0xa790657c method=java.util.HashMap.putVal(ILjava/lang/Object;Ljava/lang/Object;ZZ)Ljava/lang/Object; @ 56
Event: 2,716 Thread 0xb6608000 Uncommon trap: reason=unstable_if action=reinterpret pc=0xa79868ec method=java.util.HashMap.putVal(ILjava/lang/Object;Ljava/lang/Object;ZZ)Ljava/lang/Object; @ 162
Event: 2,716 Thread 0xb6608000 Uncommon trap: reason=unstable_if action=reinterpret pc=0xa7984004 method=java.util.HashMap.putVal(ILjava/lang/Object;Ljava/lang/Object;ZZ)Ljava/lang/Object; @ 162
Event: 2,729 Thread 0xb6608000 Uncommon trap: reason=predicate action=maybe_recompile pc=0xa79ab480 method=com.android.dex.Leb128.writeUnsignedLeb128(Lcom/android/dex/util/ByteOutput;I)V @ 9
Event: 3,043 Thread 0xb6608000 Uncommon trap: reason=predicate action=maybe_recompile pc=0xa7a03050 method=com.android.dex.Leb128.readUnsignedLeb128(Lcom/android/dex/util/ByteInput;)I @ 41
Event: 3,141 Thread 0xb6608000 Uncommon trap: reason=unstable_if action=reinterpret pc=0xa78f7590 method=java.util.HashMap.getNode(ILjava/lang/Object;)Ljava/util/HashMap$Node; @ 84
Event: 3,141 Thread 0xb6608000 Uncommon trap: reason=unstable_if action=reinterpret pc=0xa78eeefc method=java.util.HashMap.getNode(ILjava/lang/Object;)Ljava/util/HashMap$Node; @ 84

Internal exceptions (6 events):
Event: 0,617 Thread 0xb6608000 Exception <a 'java/lang/NoSuchMethodError': Method sun.misc.Unsafe.defineClass(Ljava/lang/String;[BII)Ljava/lang/Class; name or signature does not match> (0x91ad03f8) thrown at [/HUDSON/workspace/8-2-build-linux-i586/jdk8u45/3457/hotspot/src/share/vm/prim
Event: 0,618 Thread 0xb6608000 Exception <a 'java/lang/NoSuchMethodError': Method sun.misc.Unsafe.prefetchRead(Ljava/lang/Object;J)V name or signature does not match> (0x91ad0678) thrown at [/HUDSON/workspace/8-2-build-linux-i586/jdk8u45/3457/hotspot/src/share/vm/prims/jni.cpp, line 39
Event: 2,839 Thread 0xb6608000 Exception <a 'java/security/PrivilegedActionException'> (0x924c3278) thrown at [/HUDSON/workspace/8-2-build-linux-i586/jdk8u45/3457/hotspot/src/share/vm/prims/jvm.cpp, line 1382]
Event: 2,839 Thread 0xb6608000 Exception <a 'java/security/PrivilegedActionException'> (0x924c35b8) thrown at [/HUDSON/workspace/8-2-build-linux-i586/jdk8u45/3457/hotspot/src/share/vm/prims/jvm.cpp, line 1382]
Event: 2,840 Thread 0xb6608000 Exception <a 'java/security/PrivilegedActionException'> (0x924c5a18) thrown at [/HUDSON/workspace/8-2-build-linux-i586/jdk8u45/3457/hotspot/src/share/vm/prims/jvm.cpp, line 1382]
Event: 2,840 Thread 0xb6608000 Exception <a 'java/security/PrivilegedActionException'> (0x924c5d58) thrown at [/HUDSON/workspace/8-2-build-linux-i586/jdk8u45/3457/hotspot/src/share/vm/prims/jvm.cpp, line 1382]

Events (10 events):
Event: 3,531 Executing VM operation: ParallelGCFailedAllocation done
Event: 3,720 Thread 0xb6608000 DEOPT PACKING pc=0xa7a7ab1f sp=0xb678dba0
Event: 3,720 Thread 0xb6608000 DEOPT UNPACKING pc=0xa75db590 sp=0xb678da30 mode 0
Event: 3,808 Thread 0xb6608000 DEOPT PACKING pc=0xa7aa0616 sp=0xb678dc10
Event: 3,808 Thread 0xb6608000 DEOPT UNPACKING pc=0xa75db590 sp=0xb678daa4 mode 0
Event: 3,815 Thread 0xb6608000 DEOPT PACKING pc=0xa7a7848a sp=0xb678dbe0
Event: 3,815 Thread 0xb6608000 DEOPT UNPACKING pc=0xa75db590 sp=0xb678da70 mode 0
Event: 3,822 Thread 0xb6608000 DEOPT PACKING pc=0xa7a7848a sp=0xb678dbe0
Event: 3,822 Thread 0xb6608000 DEOPT UNPACKING pc=0xa75db590 sp=0xb678da70 mode 0
Event: 3,933 Executing VM operation: ParallelGCFailedAllocation


Dynamic libraries:
08048000-08049000 r-xp 00000000 08:04 3156627    /usr/lib/jvm/java-8-oracle/bin/java
08049000-0804a000 rw-p 00000000 08:04 3156627    /usr/lib/jvm/java-8-oracle/bin/java
081dc000-08397000 rw-p 00000000 00:00 0          [heap]
62400000-624df000 rw-p 00000000 00:00 0 
624df000-62500000 ---p 00000000 00:00 0 
62600000-62630000 rw-p 00000000 00:00 0 
62630000-62700000 ---p 00000000 00:00 0 
62800000-628e2000 rw-p 00000000 00:00 0 
628e2000-62900000 ---p 00000000 00:00 0 
62900000-62981000 rw-p 00000000 00:00 0 
62981000-62a00000 ---p 00000000 00:00 0 
62a00000-62af8000 rw-p 00000000 00:00 0 
62af8000-62b00000 ---p 00000000 00:00 0 
62b00000-62ba0000 rw-p 00000000 00:00 0 
62ba0000-62c00000 ---p 00000000 00:00 0 
62c00000-62cfb000 rw-p 00000000 00:00 0 
62cfb000-62d00000 ---p 00000000 00:00 0 
62e00000-62efe000 rw-p 00000000 00:00 0 
62efe000-62f00000 ---p 00000000 00:00 0 
62f00000-62fff000 rw-p 00000000 00:00 0 
62fff000-63000000 ---p 00000000 00:00 0 
63000000-630fc000 rw-p 00000000 00:00 0 
630fc000-63100000 ---p 00000000 00:00 0 
63100000-631f0000 rw-p 00000000 00:00 0 
631f0000-63200000 ---p 00000000 00:00 0 
63200000-632fa000 rw-p 00000000 00:00 0 
632fa000-63300000 ---p 00000000 00:00 0 
63329000-6332a000 ---p 00000000 00:00 0 
6332a000-633aa000 rw-p 00000000 00:00 0          [stack:5798]
633aa000-633ad000 ---p 00000000 00:00 0 
633ad000-633fb000 rw-p 00000000 00:00 0          [stack:5797]
633fb000-633fe000 ---p 00000000 00:00 0 
633fe000-6347c000 rw-p 00000000 00:00 0          [stack:5796]
6347c000-6347f000 ---p 00000000 00:00 0 
6347f000-634fd000 rw-p 00000000 00:00 0          [stack:5795]
634fd000-63500000 ---p 00000000 00:00 0 
63500000-6357e000 rw-p 00000000 00:00 0          [stack:5794]
6357e000-63581000 ---p 00000000 00:00 0 
63581000-635cf000 rw-p 00000000 00:00 0          [stack:5793]
635cf000-63700000 r--p 00189000 08:04 3158825    /usr/lib/locale/locale-archive
63700000-63900000 r--p 00000000 08:04 3158825    /usr/lib/locale/locale-archive
63900000-639f3000 rw-p 00000000 00:00 0 
639f3000-63a00000 ---p 00000000 00:00 0 
63a00000-63a21000 rw-p 00000000 00:00 0 
63a21000-63b00000 ---p 00000000 00:00 0 
63b00000-63bfe000 rw-p 00000000 00:00 0 
63bfe000-63c00000 ---p 00000000 00:00 0 
63c09000-63c0c000 ---p 00000000 00:00 0 
63c0c000-63c5a000 rw-p 00000000 00:00 0          [stack:5792]
63c5a000-63c5b000 ---p 00000000 00:00 0 
63c5b000-63cdb000 rw-p 00000000 00:00 0          [stack:5790]
63cdb000-63eb4000 r--s 03d09000 08:04 3157067    /usr/lib/jvm/java-8-oracle/jre/lib/rt.jar
63eb4000-642fa000 rw-p 00000000 00:00 0 
642fa000-64300000 ---p 00000000 00:00 0 
64300000-66700000 rw-p 00000000 00:00 0 
66700000-667fc000 rw-p 00000000 00:00 0 
667fc000-66800000 ---p 00000000 00:00 0 
6682e000-66831000 ---p 00000000 00:00 0 
66831000-6687f000 rw-p 00000000 00:00 0          [stack:5791]
6687f000-66880000 ---p 00000000 00:00 0 
66880000-66900000 rw-p 00000000 00:00 0          [stack:5789]
66900000-669ff000 rw-p 00000000 00:00 0 
669ff000-66a00000 ---p 00000000 00:00 0 
66a00000-66a21000 rw-p 00000000 00:00 0 
66a21000-66b00000 ---p 00000000 00:00 0 
66b21000-66b30000 r--s 000dd000 08:04 918353     /home/labsi/Android/Sdk/build-tools/22.0.1/lib/dx.jar
66b30000-66b7f000 rw-p 00000000 00:00 0 
66b7f000-66b80000 ---p 00000000 00:00 0 
66b80000-66c00000 rw-p 00000000 00:00 0          [stack:5788]
66c00000-66c21000 rw-p 00000000 00:00 0 
66c21000-66d00000 ---p 00000000 00:00 0 
66d0b000-66d7e000 rw-p 00000000 00:00 0 
66d7e000-66d7f000 ---p 00000000 00:00 0 
66d7f000-66e0f000 rw-p 00000000 00:00 0          [stack:5787]
66e0f000-66f54000 ---p 00000000 00:00 0 
66f54000-66f6f000 rw-p 00000000 00:00 0 
66f6f000-66fff000 ---p 00000000 00:00 0 
66fff000-69000000 rw-p 00000000 00:00 0 
69000000-91ac0000 ---p 00000000 00:00 0 
91ac0000-94ec0000 rw-p 00000000 00:00 0 
98de4000-98e9a000 rw-p 00000000 00:00 0 
98e9a000-98ec0000 r--p 00000000 08:04 2240558    /usr/share/locale-langpack/es/LC_MESSAGES/libc.mo
98ec0000-a7000000 ---p 00000000 00:00 0 
a7008000-a7009000 ---p 00000000 00:00 0 
a7009000-a7099000 rw-p 00000000 00:00 0          [stack:5786]
a7099000-a71df000 ---p 00000000 00:00 0 
a71df000-a71f5000 rw-p 00000000 00:00 0 
a71f5000-a759f000 ---p 00000000 00:00 0 
a759f000-a7b0f000 rwxp 00000000 00:00 0 
a7b0f000-b659f000 ---p 00000000 00:00 0 
b659f000-b65b8000 r-xp 00000000 08:04 3156973    /usr/lib/jvm/java-8-oracle/jre/lib/i386/libzip.so
b65b8000-b65b9000 rw-p 00018000 08:04 3156973    /usr/lib/jvm/java-8-oracle/jre/lib/i386/libzip.so
b65b9000-b65c4000 r-xp 00000000 08:04 2360394    /lib/i386-linux-gnu/libnss_files-2.19.so
b65c4000-b65c5000 r--p 0000a000 08:04 2360394    /lib/i386-linux-gnu/libnss_files-2.19.so
b65c5000-b65c6000 rw-p 0000b000 08:04 2360394    /lib/i386-linux-gnu/libnss_files-2.19.so
b65c6000-b65d0000 r-xp 00000000 08:04 2360398    /lib/i386-linux-gnu/libnss_nis-2.19.so
b65d0000-b65d1000 r--p 00009000 08:04 2360398    /lib/i386-linux-gnu/libnss_nis-2.19.so
b65d1000-b65d2000 rw-p 0000a000 08:04 2360398    /lib/i386-linux-gnu/libnss_nis-2.19.so
b65d2000-b65e7000 r-xp 00000000 08:04 2360388    /lib/i386-linux-gnu/libnsl-2.19.so
b65e7000-b65e8000 r--p 00015000 08:04 2360388    /lib/i386-linux-gnu/libnsl-2.19.so
b65e8000-b65e9000 rw-p 00016000 08:04 2360388    /lib/i386-linux-gnu/libnsl-2.19.so
b65e9000-b65eb000 rw-p 00000000 00:00 0 
b65ec000-b65ed000 rw-p 00000000 00:00 0 
b65ed000-b65f8000 r--s 00116000 08:04 3156876    /usr/lib/jvm/java-8-oracle/jre/lib/ext/localedata.jar
b65f8000-b6600000 rw-s 00000000 08:04 3166226    /tmp/hsperfdata_labsi/5779
b6600000-b66fc000 rw-p 00000000 00:00 0 
b66fc000-b6700000 ---p 00000000 00:00 0 
b6700000-b6707000 r--s 00000000 08:04 3152413    /usr/lib/i386-linux-gnu/gconv/gconv-modules.cache
b6707000-b670e000 r-xp 00000000 08:04 2360390    /lib/i386-linux-gnu/libnss_compat-2.19.so
b670e000-b670f000 r--p 00006000 08:04 2360390    /lib/i386-linux-gnu/libnss_compat-2.19.so
b670f000-b6710000 rw-p 00007000 08:04 2360390    /lib/i386-linux-gnu/libnss_compat-2.19.so
b6710000-b6734000 r-xp 00000000 08:04 3156937    /usr/lib/jvm/java-8-oracle/jre/lib/i386/libjava.so
b6734000-b6735000 rw-p 00023000 08:04 3156937    /usr/lib/jvm/java-8-oracle/jre/lib/i386/libjava.so
b6735000-b673c000 r-xp 00000000 08:04 2360445    /lib/i386-linux-gnu/librt-2.19.so
b673c000-b673d000 r--p 00006000 08:04 2360445    /lib/i386-linux-gnu/librt-2.19.so
b673d000-b673e000 rw-p 00007000 08:04 2360445    /lib/i386-linux-gnu/librt-2.19.so
b673e000-b6741000 ---p 00000000 00:00 0 
b6741000-b678f000 rw-p 00000000 00:00 0          [stack:5785]
b678f000-b67d3000 r-xp 00000000 08:04 2360369    /lib/i386-linux-gnu/libm-2.19.so
b67d3000-b67d4000 r--p 00043000 08:04 2360369    /lib/i386-linux-gnu/libm-2.19.so
b67d4000-b67d5000 rw-p 00044000 08:04 2360369    /lib/i386-linux-gnu/libm-2.19.so
b67d5000-b7148000 r-xp 00000000 08:04 3156977    /usr/lib/jvm/java-8-oracle/jre/lib/i386/server/libjvm.so
b7148000-b71b4000 rw-p 00972000 08:04 3156977    /usr/lib/jvm/java-8-oracle/jre/lib/i386/server/libjvm.so
b71b4000-b75da000 rw-p 00000000 00:00 0 
b75da000-b7782000 r-xp 00000000 08:04 2360319    /lib/i386-linux-gnu/libc-2.19.so
b7782000-b7784000 r--p 001a8000 08:04 2360319    /lib/i386-linux-gnu/libc-2.19.so
b7784000-b7785000 rw-p 001aa000 08:04 2360319    /lib/i386-linux-gnu/libc-2.19.so
b7785000-b7788000 rw-p 00000000 00:00 0 
b7788000-b778b000 r-xp 00000000 08:04 2360336    /lib/i386-linux-gnu/libdl-2.19.so
b778b000-b778c000 r--p 00002000 08:04 2360336    /lib/i386-linux-gnu/libdl-2.19.so
b778c000-b778d000 rw-p 00003000 08:04 2360336    /lib/i386-linux-gnu/libdl-2.19.so
b778d000-b77a1000 r-xp 00000000 08:04 3157090    /usr/lib/jvm/java-8-oracle/lib/i386/jli/libjli.so
b77a1000-b77a2000 rw-p 00014000 08:04 3157090    /usr/lib/jvm/java-8-oracle/lib/i386/jli/libjli.so
b77a2000-b77a3000 rw-p 00000000 00:00 0 
b77a3000-b77bb000 r-xp 00000000 08:04 2360437    /lib/i386-linux-gnu/libpthread-2.19.so
b77bb000-b77bc000 r--p 00018000 08:04 2360437    /lib/i386-linux-gnu/libpthread-2.19.so
b77bc000-b77bd000 rw-p 00019000 08:04 2360437    /lib/i386-linux-gnu/libpthread-2.19.so
b77bd000-b77c0000 rw-p 00000000 00:00 0 
b77c0000-b77c5000 r--s 00094000 08:04 3157003    /usr/lib/jvm/java-8-oracle/jre/lib/jsse.jar
b77c5000-b77c6000 r--p 0052e000 08:04 3158825    /usr/lib/locale/locale-archive
b77c6000-b77c7000 rw-p 00000000 00:00 0 
b77c7000-b77c8000 ---p 00000000 00:00 0 
b77c8000-b77d3000 r-xp 00000000 08:04 3156972    /usr/lib/jvm/java-8-oracle/jre/lib/i386/libverify.so
b77d3000-b77d4000 rw-p 0000b000 08:04 3156972    /usr/lib/jvm/java-8-oracle/jre/lib/i386/libverify.so
b77d4000-b77d6000 rw-p 00000000 00:00 0 
b77d6000-b77d7000 r-xp 00000000 00:00 0          [vdso]
b77d7000-b77d9000 r--p 00000000 00:00 0          [vvar]
b77d9000-b77f9000 r-xp 00000000 08:04 2360293    /lib/i386-linux-gnu/ld-2.19.so
b77f9000-b77fa000 r--p 0001f000 08:04 2360293    /lib/i386-linux-gnu/ld-2.19.so
b77fa000-b77fb000 rw-p 00020000 08:04 2360293    /lib/i386-linux-gnu/ld-2.19.so
bfcc0000-bfcc1000 rwxp 00000000 00:00 0 
bfcf3000-bfd14000 rw-p 00000000 00:00 0          [stack]

VM Arguments:
jvm_args: -Xmx1024M -Dfile.encoding=UTF-8 -Duser.country=VE -Duser.language=es -Duser.variant 
java_command: com.android.dx.command.Main --dex --output /home/labsi/movil/America/app/build/intermediates/dex/debug /home/labsi/movil/America/app/build/intermediates/classes/debug /home/labsi/movil/America/app/build/intermediates/pre-dexed/debug/support-annotations-22.0.0-f09af8e32e71fe4a82095146af7e4d09960d6779.jar /home/labsi/movil/America/app/build/intermediates/pre-dexed/debug/classes-c11aefa44571b1afbc525e4d7dec4b9f1995e400.jar /home/labsi/movil/America/app/build/intermediates/pre-dexed/debug/classes-cd835035eef9a3199cc45a1b156b65370c0ec7fd.jar /home/labsi/movil/America/app/build/intermediates/pre-dexed/debug/spring-android-core-2.0.0.M1-4d0f8d51923596a6989bc10788573730fa444488.jar /home/labsi/movil/America/app/build/intermediates/pre-dexed/debug/spring-android-rest-template-2.0.0.M1-e3185ed43663b047f054abe570a2e4af590e75e6.jar /home/labsi/movil/America/app/build/intermediates/pre-dexed/debug/gson-2.3-b76a52fc952c99490fce6ad586dea05f2bc722ed.jar /home/labsi/movil/America/app/build/intermediates/pre-dexed/debug/internal_impl-22.0.0-743614d30f87e4ff2fc1ef4e37ff19ec9ce39422.jar /home/labsi/movil/America/app/build/intermediates/pre-dexed/debug/classes-c1866f8adb8ba4aacbdbf9eef9a5f964e38ee490.jar /home/labsi/movil/America/app/build/intermediates/pre-dexed/debug/classes-a3c78ed2011a96f0c2309027f16a1a30ae102a35.jar /home/labsi/movil/America/app/build/intermediates/pre-dexed/debug/classes-6744811725edbe823fbb6b245ebaf8af89f1a0db.jar
java_class_path (initial): /home/labsi/Android/Sdk/build-tools/22.0.1/lib/dx.jar
Launcher Type: SUN_STANDARD

Environment Variables:
PATH=/usr/local/sbin:/usr/local/bin:/usr/sbin:/usr/bin:/sbin:/bin:/usr/games:/usr/local/games
LD_LIBRARY_PATH=/home/labsi/android-studio/bin:
SHELL=/bin/bash
DISPLAY=:0.0

Signal Handlers:
SIGSEGV: [libjvm.so+0x8c29a0], sa_mask[0]=11111111011111111101111111111110, sa_flags=SA_RESTART|SA_SIGINFO
SIGBUS: [libjvm.so+0x8c29a0], sa_mask[0]=11111111011111111101111111111110, sa_flags=SA_RESTART|SA_SIGINFO
SIGFPE: [libjvm.so+0x7432d0], sa_mask[0]=11111111011111111101111111111110, sa_flags=SA_RESTART|SA_SIGINFO
SIGPIPE: [libjvm.so+0x7432d0], sa_mask[0]=11111111011111111101111111111110, sa_flags=SA_RESTART|SA_SIGINFO
SIGXFSZ: [libjvm.so+0x7432d0], sa_mask[0]=11111111011111111101111111111110, sa_flags=SA_RESTART|SA_SIGINFO
SIGILL: [libjvm.so+0x7432d0], sa_mask[0]=11111111011111111101111111111110, sa_flags=SA_RESTART|SA_SIGINFO
SIGUSR1: SIG_DFL, sa_mask[0]=00000000000000000000000000000000, sa_flags=none
SIGUSR2: [libjvm.so+0x744860], sa_mask[0]=00100000000000000000000000000000, sa_flags=SA_RESTART|SA_SIGINFO
SIGHUP: [libjvm.so+0x745d10], sa_mask[0]=11111111011111111101111111111110, sa_flags=SA_RESTART|SA_SIGINFO
SIGINT: [libjvm.so+0x745d10], sa_mask[0]=11111111011111111101111111111110, sa_flags=SA_RESTART|SA_SIGINFO
SIGTERM: [libjvm.so+0x745d10], sa_mask[0]=11111111011111111101111111111110, sa_flags=SA_RESTART|SA_SIGINFO
SIGQUIT: [libjvm.so+0x745d10], sa_mask[0]=11111111011111111101111111111110, sa_flags=SA_RESTART|SA_SIGINFO


---------------  S Y S T E M  ---------------

OS:DISTRIB_ID=Ubuntu
DISTRIB_RELEASE=14.04
DISTRIB_CODENAME=trusty
DISTRIB_DESCRIPTION="Ubuntu 14.04.2 LTS"

uname:Linux 3.16.0-38-generic #52~14.04.1-Ubuntu SMP Fri May 8 09:44:48 UTC 2015 i686
libc:glibc 2.19 NPTL 2.19 
rlimit: STACK 8192k, CORE 0k, NPROC 23467, NOFILE 4096, AS infinity
load average:2,15 1,60 1,11

/proc/meminfo:
MemTotal:        3031476 kB
MemFree:          169008 kB
MemAvailable:     106080 kB
Buffers:             564 kB
Cached:           139520 kB
SwapCached:            0 kB
Active:          2650180 kB
Inactive:         130312 kB
Active(anon):    2644628 kB
Inactive(anon):   115120 kB
Active(file):       5552 kB
Inactive(file):    15192 kB
Unevictable:          32 kB
Mlocked:              32 kB
HighTotal:       2159576 kB
HighFree:          41796 kB
LowTotal:         871900 kB
LowFree:          127212 kB
SwapTotal:             0 kB
SwapFree:              0 kB
Dirty:                32 kB
Writeback:             0 kB
AnonPages:       2640948 kB
Mapped:            71840 kB
Shmem:            118832 kB
Slab:              34020 kB
SReclaimable:      16512 kB
SUnreclaim:        17508 kB
KernelStack:        3928 kB
PageTables:        16596 kB
NFS_Unstable:          0 kB
Bounce:                0 kB
WritebackTmp:          0 kB
CommitLimit:     1515736 kB
Committed_AS:    5495712 kB
VmallocTotal:     122880 kB
VmallocUsed:       16224 kB
VmallocChunk:     102888 kB
AnonHugePages:   1572864 kB
HugePages_Total:       0
HugePages_Free:        0
HugePages_Rsvd:        0
HugePages_Surp:        0
Hugepagesize:       2048 kB
DirectMap4k:       22520 kB
DirectMap2M:      886784 kB


CPU:total 4 (2 cores per cpu, 2 threads per core) family 6 model 37 stepping 2, cmov, cx8, fxsr, mmx, sse, sse2, sse3, ssse3, sse4.1, sse4.2, popcnt, ht, tsc, tscinvbit

/proc/cpuinfo:
processor	: 0
vendor_id	: GenuineIntel
cpu family	: 6
model		: 37
model name	: Intel(R) Core(TM) i3 CPU       M 330  @ 2.13GHz
stepping	: 2
microcode	: 0x9
cpu MHz		: 933.000
cache size	: 3072 KB
physical id	: 0
siblings	: 4
core id		: 0
cpu cores	: 2
apicid		: 0
initial apicid	: 0
fdiv_bug	: no
f00f_bug	: no
coma_bug	: no
fpu		: yes
fpu_exception	: yes
cpuid level	: 11
wp		: yes
flags		: fpu vme de pse tsc msr pae mce cx8 apic sep mtrr pge mca cmov pat pse36 clflush dts acpi mmx fxsr sse sse2 ss ht tm pbe nx rdtscp lm constant_tsc arch_perfmon pebs bts xtopology nonstop_tsc aperfmperf pni dtes64 monitor ds_cpl vmx est tm2 ssse3 cx16 xtpr pdcm sse4_1 sse4_2 popcnt lahf_lm arat dtherm tpr_shadow vnmi flexpriority ept vpid
bogomips	: 4256.18
clflush size	: 64
cache_alignment	: 64
address sizes	: 36 bits physical, 48 bits virtual
power management:

processor	: 1
vendor_id	: GenuineIntel
cpu family	: 6
model		: 37
model name	: Intel(R) Core(TM) i3 CPU       M 330  @ 2.13GHz
stepping	: 2
microcode	: 0x9
cpu MHz		: 933.000
cache size	: 3072 KB
physical id	: 0
siblings	: 4
core id		: 2
cpu cores	: 2
apicid		: 4
initial apicid	: 4
fdiv_bug	: no
f00f_bug	: no
coma_bug	: no
fpu		: yes
fpu_exception	: yes
cpuid level	: 11
wp		: yes
flags		: fpu vme de pse tsc msr pae mce cx8 apic sep mtrr pge mca cmov pat pse36 clflush dts acpi mmx fxsr sse sse2 ss ht tm pbe nx rdtscp lm constant_tsc arch_perfmon pebs bts xtopology nonstop_tsc aperfmperf pni dtes64 monitor ds_cpl vmx est tm2 ssse3 cx16 xtpr pdcm sse4_1 sse4_2 popcnt lahf_lm arat dtherm tpr_shadow vnmi flexpriority ept vpid
bogomips	: 4256.18
clflush size	: 64
cache_alignment	: 64
address sizes	: 36 bits physical, 48 bits virtual
power management:

processor	: 2
vendor_id	: GenuineIntel
cpu family	: 6
model		: 37
model name	: Intel(R) Core(TM) i3 CPU       M 330  @ 2.13GHz
stepping	: 2
microcode	: 0x9
cpu MHz		: 2133.000
cache size	: 3072 KB
physical id	: 0
siblings	: 4
core id		: 0
cpu cores	: 2
apicid		: 1
initial apicid	: 1
fdiv_bug	: no
f00f_bug	: no
coma_bug	: no
fpu		: yes
fpu_exception	: yes
cpuid level	: 11
wp		: yes
flags		: fpu vme de pse tsc msr pae mce cx8 apic sep mtrr pge mca cmov pat pse36 clflush dts acpi mmx fxsr sse sse2 ss ht tm pbe nx rdtscp lm constant_tsc arch_perfmon pebs bts xtopology nonstop_tsc aperfmperf pni dtes64 monitor ds_cpl vmx est tm2 ssse3 cx16 xtpr pdcm sse4_1 sse4_2 popcnt lahf_lm arat dtherm tpr_shadow vnmi flexpriority ept vpid
bogomips	: 4256.18
clflush size	: 64
cache_alignment	: 64
address sizes	: 36 bits physical, 48 bits virtual
power management:

processor	: 3
vendor_id	: GenuineIntel
cpu family	: 6
model		: 37
model name	: Intel(R) Core(TM) i3 CPU       M 330  @ 2.13GHz
stepping	: 2
microcode	: 0x9
cpu MHz		: 2133.000
cache size	: 3072 KB
physical id	: 0
siblings	: 4
core id		: 2
cpu cores	: 2
apicid		: 5
initial apicid	: 5
fdiv_bug	: no
f00f_bug	: no
coma_bug	: no
fpu		: yes
fpu_exception	: yes
cpuid level	: 11
wp		: yes
flags		: fpu vme de pse tsc msr pae mce cx8 apic sep mtrr pge mca cmov pat pse36 clflush dts acpi mmx fxsr sse sse2 ss ht tm pbe nx rdtscp lm constant_tsc arch_perfmon pebs bts xtopology nonstop_tsc aperfmperf pni dtes64 monitor ds_cpl vmx est tm2 ssse3 cx16 xtpr pdcm sse4_1 sse4_2 popcnt lahf_lm arat dtherm tpr_shadow vnmi flexpriority ept vpid
bogomips	: 4256.18
clflush size	: 64
cache_alignment	: 64
address sizes	: 36 bits physical, 48 bits virtual
power management:



Memory: 4k page, physical 3031476k(169008k free), swap 0k(0k free)

vm_info: Java HotSpot(TM) Server VM (25.45-b02) for linux-x86 JRE (1.8.0_45-b14), built on Apr 10 2015 10:38:30 by "java_re" with gcc 4.3.0 20080428 (Red Hat 4.3.0-8)

time: Thu Jun 18 23:38:13 2015
elapsed time: 6 seconds (0d 0h 0m 6s)

