#
# There is insufficient memory for the Java Runtime Environment to continue.
# Native memory allocation (mmap) failed to map 79167488 bytes for committing reserved memory.
# Possible reasons:
#   The system is out of physical RAM or swap space
#   In 32 bit mode, the process size limit was hit
# Possible solutions:
#   Reduce memory load on the system
#   Increase physical memory or swap space
#   Check if swap backing store is full
#   Use 64 bit Java on a 64 bit OS
#   Decrease Java heap size (-Xmx/-Xms)
#   Decrease number of Java threads
#   Decrease Java thread stack sizes (-Xss)
#   Set larger code cache with -XX:ReservedCodeCacheSize=
# This output file may be truncated or incomplete.
#
#  Out of Memory Error (os_linux.cpp:2673), pid=4929, tid=1674099520
#
# JRE version: Java(TM) SE Runtime Environment (8.0_45-b14) (build 1.8.0_45-b14)
# Java VM: Java HotSpot(TM) Server VM (25.45-b02 mixed mode linux-x86 )
# Failed to write core dump. Core dumps have been disabled. To enable core dumping, try "ulimit -c unlimited" before starting Java again
#

---------------  T H R E A D  ---------------

Current thread (0x63b81000):  VMThread [stack: 0x63c0b000,0x63c8c000] [id=4939]

Stack: [0x63c0b000,0x63c8c000],  sp=0x63c8a7a0,  free space=509k
Native frames: (J=compiled Java code, j=interpreted, Vv=VM code, C=native code)
V  [libjvm.so+0x8c1ecf]  VMError::report_and_die()+0x16f
V  [libjvm.so+0x386495]  report_vm_out_of_memory(char const*, int, unsigned int, VMErrorType, char const*)+0x55
V  [libjvm.so+0x7467a6]  os::Linux::commit_memory_impl(char*, unsigned int, bool)+0xe6
V  [libjvm.so+0x746bc8]  os::pd_commit_memory(char*, unsigned int, unsigned int, bool)+0x28
V  [libjvm.so+0x7402ec]  os::commit_memory(char*, unsigned int, unsigned int, bool)+0x2c
V  [libjvm.so+0x7aa598]  PSVirtualSpace::expand_by(unsigned int)+0x48
V  [libjvm.so+0x7ab69a]  PSYoungGen::resize_generation(unsigned int, unsigned int)+0xda
V  [libjvm.so+0x7aa9c9]  PSYoungGen::resize(unsigned int, unsigned int)+0x19
V  [libjvm.so+0x7a82ed]  PSScavenge::invoke_no_policy()+0xd4d
V  [libjvm.so+0x7a8ab8]  PSScavenge::invoke()+0x28
V  [libjvm.so+0x767d8a]  ParallelScavengeHeap::failed_mem_allocate(unsigned int)+0x5a
V  [libjvm.so+0x8c379a]  VM_ParallelGCFailedAllocation::doit()+0x7a
V  [libjvm.so+0x8cc9b7]  VM_Operation::evaluate()+0x47
V  [libjvm.so+0x8caa93]  VMThread::evaluate_operation(VM_Operation*)+0xb3
V  [libjvm.so+0x8cae30]  VMThread::loop()+0x1b0
V  [libjvm.so+0x8cb295]  VMThread::run()+0x85
V  [libjvm.so+0x749049]  java_start(Thread*)+0x119
C  [libpthread.so.0+0x6f70]  start_thread+0xd0

VM_Operation (0xb6719a74): ParallelGCFailedAllocation, mode: safepoint, requested by thread 0xb6508000


---------------  P R O C E S S  ---------------

Java Threads: ( => current thread )
  0x63baa400 JavaThread "Service Thread" daemon [_thread_blocked, id=4946, stack(0x632fb000,0x6334c000)]
  0x63ba7000 JavaThread "C1 CompilerThread2" daemon [_thread_blocked, id=4945, stack(0x6334c000,0x633cd000)]
  0x63ba5c00 JavaThread "C2 CompilerThread1" daemon [_thread_blocked, id=4944, stack(0x633cd000,0x6344e000)]
  0x63ba3c00 JavaThread "C2 CompilerThread0" daemon [_thread_blocked, id=4943, stack(0x6344e000,0x634cf000)]
  0x63ba2800 JavaThread "Signal Dispatcher" daemon [_thread_blocked, id=4942, stack(0x63a0d000,0x63a5e000)]
  0x63b85800 JavaThread "Finalizer" daemon [_thread_blocked, id=4941, stack(0x63a5e000,0x63aaf000)]
  0x63b84000 JavaThread "Reference Handler" daemon [_thread_blocked, id=4940, stack(0x63aaf000,0x63b00000)]
  0xb6508000 JavaThread "main" [_thread_blocked, id=4934, stack(0xb66ca000,0xb671b000)]

Other Threads:
=>0x63b81000 VMThread [stack: 0x63c0b000,0x63c8c000] [id=4939]
  0x63bac000 WatcherThread [stack: 0x6327a000,0x632fb000] [id=4947]

VM state:at safepoint (normal execution)

VM Mutex/Monitor currently owned by a thread:  ([mutex/lock_event])
[0xb6505a68] Threads_lock - owner thread: 0x63b81000
[0xb6505e78] Heap_lock - owner thread: 0xb6508000

Heap:
 PSYoungGen      total 51200K, used 2041K [0x91ac0000, 0x94ec0000, 0xa7000000)
  eden space 49152K, 0% used [0x91ac0000,0x91ac0000,0x94ac0000)
  from space 2048K, 99% used [0x94ac0000,0x94cbe6a8,0x94cc0000)
  to   space 2048K, 0% used [0x94cc0000,0x94cc0000,0x94ec0000)
 ParOldGen       total 32768K, used 26463K [0x67000000, 0x69000000, 0x91ac0000)
  object space 32768K, 80% used [0x67000000,0x689d7c38,0x69000000)
 Metaspace       used 4970K, capacity 5036K, committed 5144K, reserved 5424K

Card table byte_map: [0x66dff000,0x67000000] byte_map_base: 0x66ac7000

Marking Bits: (ParMarkBitMap*) 0xb7151960
 Begin Bits: [0x64700000, 0x65700000)
 End Bits:   [0x65700000, 0x66700000)

Polling page: 0xb7753000

CodeCache: size=245760Kb used=6057Kb max_used=6069Kb free=239702Kb
 bounds [0xa7500000, 0xa7af8000, 0xb6500000]
 total_blobs=2458 nmethods=2286 adapters=86
 compilation: enabled

Compilation events (10 events):
Event: 4,120 Thread 0x63ba5c00 nmethod 2313 0xa7ae8008 code [0xa7ae8180, 0xa7ae8758]
Event: 4,120 Thread 0x63ba5c00 2311       4       com.android.dex.TypeList::compareTo (71 bytes)
Event: 4,125 Thread 0x63ba7000 2318       2       java.util.ComparableTimSort::mergeLo (656 bytes)
Event: 4,127 Thread 0x63ba5c00 nmethod 2311 0xa7ae0408 code [0xa7ae0500, 0xa7ae06d0]
Event: 4,127 Thread 0x63ba5c00 2309 %     4       com.android.dx.merge.DexMerger$IdMerger::mergeSorted @ 125 (381 bytes)
Event: 4,129 Thread 0x63ba7000 nmethod 2318 0xa7ae22c8 code [0xa7ae2520, 0xa7ae38f0]
Event: 4,149 Thread 0x63ba5c00 nmethod 2309% 0xa7af01c8 code [0xa7af0340, 0xa7af0970]
Event: 4,149 Thread 0x63ba5c00 2320       4       com.android.dx.merge.SortableType$1::compare (13 bytes)
Event: 4,152 Thread 0x63ba5c00 nmethod 2320 0xa7aee708 code [0xa7aee800, 0xa7aee8f0]
Event: 4,153 Thread 0x63ba5c00 2321       4       com.android.dx.merge.SortableType$1::compare (50 bytes)

GC Heap History (9 events):
Event: 1,559 GC heap before
{Heap before GC invocations=1 (full 0):
 PSYoungGen      total 14336K, used 12288K [0x91ac0000, 0x92ac0000, 0xa7000000)
  eden space 12288K, 100% used [0x91ac0000,0x926c0000,0x926c0000)
  from space 2048K, 0% used [0x928c0000,0x928c0000,0x92ac0000)
  to   space 2048K, 0% used [0x926c0000,0x926c0000,0x928c0000)
 ParOldGen       total 32768K, used 0K [0x67000000, 0x69000000, 0x91ac0000)
  object space 32768K, 0% used [0x67000000,0x67000000,0x69000000)
 Metaspace       used 3416K, capacity 3614K, committed 3736K, reserved 4400K
Event: 1,583 GC heap after
Heap after GC invocations=1 (full 0):
 PSYoungGen      total 14336K, used 2047K [0x91ac0000, 0x936c0000, 0xa7000000)
  eden space 12288K, 0% used [0x91ac0000,0x91ac0000,0x926c0000)
  from space 2048K, 99% used [0x926c0000,0x928bfc50,0x928c0000)
  to   space 2048K, 0% used [0x934c0000,0x934c0000,0x936c0000)
 ParOldGen       total 32768K, used 1552K [0x67000000, 0x69000000, 0x91ac0000)
  object space 32768K, 4% used [0x67000000,0x67184148,0x69000000)
 Metaspace       used 3416K, capacity 3614K, committed 3736K, reserved 4400K
}
Event: 1,977 GC heap before
{Heap before GC invocations=2 (full 0):
 PSYoungGen      total 14336K, used 14335K [0x91ac0000, 0x936c0000, 0xa7000000)
  eden space 12288K, 100% used [0x91ac0000,0x926c0000,0x926c0000)
  from space 2048K, 99% used [0x926c0000,0x928bfc50,0x928c0000)
  to   space 2048K, 0% used [0x934c0000,0x934c0000,0x936c0000)
 ParOldGen       total 32768K, used 1552K [0x67000000, 0x69000000, 0x91ac0000)
  object space 32768K, 4% used [0x67000000,0x67184148,0x69000000)
 Metaspace       used 3586K, capacity 3742K, committed 3864K, reserved 4400K
Event: 2,009 GC heap after
Heap after GC invocations=2 (full 0):
 PSYoungGen      total 26624K, used 2047K [0x91ac0000, 0x936c0000, 0xa7000000)
  eden space 24576K, 0% used [0x91ac0000,0x91ac0000,0x932c0000)
  from space 2048K, 99% used [0x934c0000,0x936bfd70,0x936c0000)
  to   space 2048K, 0% used [0x932c0000,0x932c0000,0x934c0000)
 ParOldGen       total 32768K, used 3695K [0x67000000, 0x69000000, 0x91ac0000)
  object space 32768K, 11% used [0x67000000,0x6739bff8,0x69000000)
 Metaspace       used 3586K, capacity 3742K, committed 3864K, reserved 4400K
}
Event: 3,341 GC heap before
{Heap before GC invocations=3 (full 0):
 PSYoungGen      total 26624K, used 26623K [0x91ac0000, 0x936c0000, 0xa7000000)
  eden space 24576K, 100% used [0x91ac0000,0x932c0000,0x932c0000)
  from space 2048K, 99% used [0x934c0000,0x936bfd70,0x936c0000)
  to   space 2048K, 0% used [0x932c0000,0x932c0000,0x934c0000)
 ParOldGen       total 32768K, used 3695K [0x67000000, 0x69000000, 0x91ac0000)
  object space 32768K, 11% used [0x67000000,0x6739bff8,0x69000000)
 Metaspace       used 4916K, capacity 4972K, committed 5016K, reserved 5424K
Event: 3,375 GC heap after
Heap after GC invocations=3 (full 0):
 PSYoungGen      total 26624K, used 2043K [0x91ac0000, 0x94ec0000, 0xa7000000)
  eden space 24576K, 0% used [0x91ac0000,0x91ac0000,0x932c0000)
  from space 2048K, 99% used [0x932c0000,0x934bee58,0x934c0000)
  to   space 2048K, 0% used [0x94cc0000,0x94cc0000,0x94ec0000)
 ParOldGen       total 32768K, used 9352K [0x67000000, 0x69000000, 0x91ac0000)
  object space 32768K, 28% used [0x67000000,0x679222b0,0x69000000)
 Metaspace       used 4916K, capacity 4972K, committed 5016K, reserved 5424K
}
Event: 3,687 GC heap before
{Heap before GC invocations=4 (full 0):
 PSYoungGen      total 26624K, used 26619K [0x91ac0000, 0x94ec0000, 0xa7000000)
  eden space 24576K, 100% used [0x91ac0000,0x932c0000,0x932c0000)
  from space 2048K, 99% used [0x932c0000,0x934bee58,0x934c0000)
  to   space 2048K, 0% used [0x94cc0000,0x94cc0000,0x94ec0000)
 ParOldGen       total 32768K, used 9352K [0x67000000, 0x69000000, 0x91ac0000)
  object space 32768K, 28% used [0x67000000,0x679222b0,0x69000000)
 Metaspace       used 4951K, capacity 5004K, committed 5016K, reserved 5424K
Event: 3,711 GC heap after
Heap after GC invocations=4 (full 0):
 PSYoungGen      total 51200K, used 2033K [0x91ac0000, 0x94ec0000, 0xa7000000)
  eden space 49152K, 0% used [0x91ac0000,0x91ac0000,0x94ac0000)
  from space 2048K, 99% used [0x94cc0000,0x94ebc698,0x94ec0000)
  to   space 2048K, 0% used [0x94ac0000,0x94ac0000,0x94cc0000)
 ParOldGen       total 32768K, used 10787K [0x67000000, 0x69000000, 0x91ac0000)
  object space 32768K, 32% used [0x67000000,0x67a88ee8,0x69000000)
 Metaspace       used 4951K, capacity 5004K, committed 5016K, reserved 5424K
}
Event: 4,153 GC heap before
{Heap before GC invocations=5 (full 0):
 PSYoungGen      total 51200K, used 51185K [0x91ac0000, 0x94ec0000, 0xa7000000)
  eden space 49152K, 100% used [0x91ac0000,0x94ac0000,0x94ac0000)
  from space 2048K, 99% used [0x94cc0000,0x94ebc698,0x94ec0000)
  to   space 2048K, 0% used [0x94ac0000,0x94ac0000,0x94cc0000)
 ParOldGen       total 32768K, used 10787K [0x67000000, 0x69000000, 0x91ac0000)
  object space 32768K, 32% used [0x67000000,0x67a88ee8,0x69000000)
 Metaspace       used 4970K, capacity 5036K, committed 5144K, reserved 5424K

Deoptimization events (10 events):
Event: 2,571 Thread 0xb6508000 Uncommon trap: reason=class_check action=maybe_recompile pc=0xa7900354 method=java.util.HashMap.putVal(ILjava/lang/Object;Ljava/lang/Object;ZZ)Ljava/lang/Object; @ 152
Event: 2,571 Thread 0xb6508000 Uncommon trap: reason=class_check action=maybe_recompile pc=0xa7900354 method=java.util.HashMap.putVal(ILjava/lang/Object;Ljava/lang/Object;ZZ)Ljava/lang/Object; @ 152
Event: 2,770 Thread 0xb6508000 Uncommon trap: reason=unstable_if action=reinterpret pc=0xa799dc7c method=java.util.HashMap.putVal(ILjava/lang/Object;Ljava/lang/Object;ZZ)Ljava/lang/Object; @ 162
Event: 2,770 Thread 0xb6508000 Uncommon trap: reason=unstable_if action=reinterpret pc=0xa7972114 method=java.util.HashMap.putVal(ILjava/lang/Object;Ljava/lang/Object;ZZ)Ljava/lang/Object; @ 162
Event: 2,786 Thread 0xb6508000 Uncommon trap: reason=unstable_if action=reinterpret pc=0xa78efcd0 method=java.util.HashMap.getNode(ILjava/lang/Object;)Ljava/util/HashMap$Node; @ 84
Event: 2,827 Thread 0xb6508000 Uncommon trap: reason=unstable_if action=reinterpret pc=0xa78f7abc method=java.util.HashMap.getNode(ILjava/lang/Object;)Ljava/util/HashMap$Node; @ 84
Event: 2,977 Thread 0xb6508000 Uncommon trap: reason=class_check action=maybe_recompile pc=0xa78837e8 method=java.util.ArrayList.<init>(Ljava/util/Collection;)V @ 6
Event: 3,029 Thread 0xb6508000 Uncommon trap: reason=class_check action=maybe_recompile pc=0xa78837e8 method=java.util.ArrayList.<init>(Ljava/util/Collection;)V @ 6
Event: 3,154 Thread 0xb6508000 Uncommon trap: reason=predicate action=maybe_recompile pc=0xa79e8150 method=com.android.dex.Leb128.readUnsignedLeb128(Lcom/android/dex/util/ByteInput;)I @ 41
Event: 3,451 Thread 0xb6508000 Uncommon trap: reason=unstable_if action=reinterpret pc=0xa7a64858 method=java.lang.Long.numberOfLeadingZeros(J)I @ 18

Internal exceptions (6 events):
Event: 0,485 Thread 0xb6508000 Exception <a 'java/lang/NoSuchMethodError': Method sun.misc.Unsafe.defineClass(Ljava/lang/String;[BII)Ljava/lang/Class; name or signature does not match> (0x91ad03f8) thrown at [/HUDSON/workspace/8-2-build-linux-i586/jdk8u45/3457/hotspot/src/share/vm/prim
Event: 0,485 Thread 0xb6508000 Exception <a 'java/lang/NoSuchMethodError': Method sun.misc.Unsafe.prefetchRead(Ljava/lang/Object;J)V name or signature does not match> (0x91ad0678) thrown at [/HUDSON/workspace/8-2-build-linux-i586/jdk8u45/3457/hotspot/src/share/vm/prims/jni.cpp, line 39
Event: 2,974 Thread 0xb6508000 Exception <a 'java/security/PrivilegedActionException'> (0x92d1c740) thrown at [/HUDSON/workspace/8-2-build-linux-i586/jdk8u45/3457/hotspot/src/share/vm/prims/jvm.cpp, line 1382]
Event: 2,974 Thread 0xb6508000 Exception <a 'java/security/PrivilegedActionException'> (0x92d1ca80) thrown at [/HUDSON/workspace/8-2-build-linux-i586/jdk8u45/3457/hotspot/src/share/vm/prims/jvm.cpp, line 1382]
Event: 2,975 Thread 0xb6508000 Exception <a 'java/security/PrivilegedActionException'> (0x92d1eee0) thrown at [/HUDSON/workspace/8-2-build-linux-i586/jdk8u45/3457/hotspot/src/share/vm/prims/jvm.cpp, line 1382]
Event: 2,975 Thread 0xb6508000 Exception <a 'java/security/PrivilegedActionException'> (0x92d1f220) thrown at [/HUDSON/workspace/8-2-build-linux-i586/jdk8u45/3457/hotspot/src/share/vm/prims/jvm.cpp, line 1382]

Events (10 events):
Event: 3,661 Thread 0xb6508000 DEOPT UNPACKING pc=0xa753c590 sp=0xb67199d8 mode 0
Event: 3,665 Thread 0xb6508000 DEOPT PACKING pc=0xa7a1bceb sp=0xb6719b40
Event: 3,665 Thread 0xb6508000 DEOPT UNPACKING pc=0xa753c590 sp=0xb67199d8 mode 0
Event: 3,687 Executing VM operation: ParallelGCFailedAllocation
Event: 3,711 Executing VM operation: ParallelGCFailedAllocation done
Event: 3,898 Thread 0xb6508000 DEOPT PACKING pc=0xa7968c18 sp=0xb6719ba0
Event: 3,898 Thread 0xb6508000 DEOPT UNPACKING pc=0xa753c590 sp=0xb6719a30 mode 0
Event: 4,136 loading class com/android/dex/Dex$1
Event: 4,136 loading class com/android/dex/Dex$1 done
Event: 4,153 Executing VM operation: ParallelGCFailedAllocation


Dynamic libraries:
08048000-08049000 r-xp 00000000 08:04 3156627    /usr/lib/jvm/java-8-oracle/bin/java
08049000-0804a000 rw-p 00000000 08:04 3156627    /usr/lib/jvm/java-8-oracle/bin/java
09554000-09577000 rw-p 00000000 00:00 0          [heap]
61900000-6198e000 rw-p 00000000 00:00 0 
6198e000-61a00000 ---p 00000000 00:00 0 
61b00000-61be3000 rw-p 00000000 00:00 0 
61be3000-61c00000 ---p 00000000 00:00 0 
61d00000-61d2a000 rw-p 00000000 00:00 0 
61d2a000-61e00000 ---p 00000000 00:00 0 
61e00000-61e27000 rw-p 00000000 00:00 0 
61e27000-61f00000 ---p 00000000 00:00 0 
61f00000-61f66000 rw-p 00000000 00:00 0 
61f66000-62000000 ---p 00000000 00:00 0 
62000000-620f4000 rw-p 00000000 00:00 0 
620f4000-62100000 ---p 00000000 00:00 0 
62100000-62200000 rw-p 00000000 00:00 0 
62200000-622fd000 rw-p 00000000 00:00 0 
622fd000-62300000 ---p 00000000 00:00 0 
62300000-623ff000 rw-p 00000000 00:00 0 
623ff000-62400000 ---p 00000000 00:00 0 
62400000-624fe000 rw-p 00000000 00:00 0 
624fe000-62500000 ---p 00000000 00:00 0 
62500000-625f3000 rw-p 00000000 00:00 0 
625f3000-62600000 ---p 00000000 00:00 0 
62600000-626c0000 rw-p 00000000 00:00 0 
626c0000-62700000 ---p 00000000 00:00 0 
62700000-627dd000 rw-p 00000000 00:00 0 
627dd000-62800000 ---p 00000000 00:00 0 
62900000-629f0000 rw-p 00000000 00:00 0 
629f0000-62a00000 ---p 00000000 00:00 0 
62b00000-62c00000 rw-p 00000000 00:00 0 
62c00000-62d00000 rw-p 00000000 00:00 0 
62d00000-62df2000 rw-p 00000000 00:00 0 
62df2000-62e00000 ---p 00000000 00:00 0 
62e75000-62f00000 rw-p 00000000 00:00 0 
62f00000-62ffe000 rw-p 00000000 00:00 0 
62ffe000-63000000 ---p 00000000 00:00 0 
63000000-630f6000 rw-p 00000000 00:00 0 
630f6000-63100000 ---p 00000000 00:00 0 
63100000-631fd000 rw-p 00000000 00:00 0 
631fd000-63200000 ---p 00000000 00:00 0 
6327a000-6327b000 ---p 00000000 00:00 0 
6327b000-632fb000 rw-p 00000000 00:00 0          [stack:4947]
632fb000-632fe000 ---p 00000000 00:00 0 
632fe000-6334c000 rw-p 00000000 00:00 0          [stack:4946]
6334c000-6334f000 ---p 00000000 00:00 0 
6334f000-633cd000 rw-p 00000000 00:00 0          [stack:4945]
633cd000-633d0000 ---p 00000000 00:00 0 
633d0000-6344e000 rw-p 00000000 00:00 0          [stack:4944]
6344e000-63451000 ---p 00000000 00:00 0 
63451000-634cf000 rw-p 00000000 00:00 0          [stack:4943]
634cf000-63600000 r--p 00189000 08:04 3158825    /usr/lib/locale/locale-archive
63600000-63800000 r--p 00000000 08:04 3158825    /usr/lib/locale/locale-archive
63800000-63821000 rw-p 00000000 00:00 0 
63821000-63900000 ---p 00000000 00:00 0 
63900000-639ef000 rw-p 00000000 00:00 0 
639ef000-63a00000 ---p 00000000 00:00 0 
63a0d000-63a10000 ---p 00000000 00:00 0 
63a10000-63a5e000 rw-p 00000000 00:00 0          [stack:4942]
63a5e000-63a61000 ---p 00000000 00:00 0 
63a61000-63aaf000 rw-p 00000000 00:00 0          [stack:4941]
63aaf000-63ab2000 ---p 00000000 00:00 0 
63ab2000-63b00000 rw-p 00000000 00:00 0          [stack:4940]
63b00000-63bff000 rw-p 00000000 00:00 0 
63bff000-63c00000 ---p 00000000 00:00 0 
63c0b000-63c0c000 ---p 00000000 00:00 0 
63c0c000-63cdb000 rw-p 00000000 00:00 0          [stack:4939]
63cdb000-63eb4000 r--s 03d09000 08:04 3157067    /usr/lib/jvm/java-8-oracle/jre/lib/rt.jar
63eb4000-642fa000 rw-p 00000000 00:00 0 
642fa000-64300000 ---p 00000000 00:00 0 
64300000-66700000 rw-p 00000000 00:00 0 
66700000-667fd000 rw-p 00000000 00:00 0 
667fd000-66800000 ---p 00000000 00:00 0 
66824000-6687f000 rw-p 00000000 00:00 0 
6687f000-66880000 ---p 00000000 00:00 0 
66880000-66900000 rw-p 00000000 00:00 0          [stack:4938]
66900000-66921000 rw-p 00000000 00:00 0 
66921000-66a00000 ---p 00000000 00:00 0 
66a00000-66afe000 rw-p 00000000 00:00 0 
66afe000-66b00000 ---p 00000000 00:00 0 
66b00000-66b21000 rw-p 00000000 00:00 0 
66b21000-66c00000 ---p 00000000 00:00 0 
66c28000-66c29000 ---p 00000000 00:00 0 
66c29000-66cb9000 rw-p 00000000 00:00 0          [stack:4937]
66cb9000-66dff000 ---p 00000000 00:00 0 
66dff000-66e0f000 rw-p 00000000 00:00 0 
66e0f000-66f54000 ---p 00000000 00:00 0 
66f54000-66f6f000 rw-p 00000000 00:00 0 
66f6f000-66fff000 ---p 00000000 00:00 0 
66fff000-69000000 rw-p 00000000 00:00 0 
69000000-91ac0000 ---p 00000000 00:00 0 
91ac0000-94ec0000 rw-p 00000000 00:00 0 
997f0000-99a40000 rw-p 00000000 00:00 0 
99a40000-a7000000 ---p 00000000 00:00 0 
a7018000-a703e000 r--p 00000000 08:04 2240558    /usr/share/locale-langpack/es/LC_MESSAGES/libc.mo
a703e000-a703f000 ---p 00000000 00:00 0 
a703f000-a70bf000 rw-p 00000000 00:00 0          [stack:4936]
a70bf000-a70c0000 ---p 00000000 00:00 0 
a70c0000-a7158000 rw-p 00000000 00:00 0          [stack:4935]
a7158000-a7500000 ---p 00000000 00:00 0 
a7500000-a7af8000 rwxp 00000000 00:00 0 
a7af8000-b6500000 ---p 00000000 00:00 0 
b6500000-b65fc000 rw-p 00000000 00:00 0 
b65fc000-b6600000 ---p 00000000 00:00 0 
b6604000-b660b000 r--s 00000000 08:04 3152413    /usr/lib/i386-linux-gnu/gconv/gconv-modules.cache
b660b000-b661a000 r--s 000dd000 08:04 918353     /home/labsi/Android/Sdk/build-tools/22.0.1/lib/dx.jar
b661a000-b6632000 rw-p 00000000 00:00 0 
b6632000-b664b000 r-xp 00000000 08:04 3156973    /usr/lib/jvm/java-8-oracle/jre/lib/i386/libzip.so
b664b000-b664c000 rw-p 00018000 08:04 3156973    /usr/lib/jvm/java-8-oracle/jre/lib/i386/libzip.so
b664c000-b6657000 r-xp 00000000 08:04 2360394    /lib/i386-linux-gnu/libnss_files-2.19.so
b6657000-b6658000 r--p 0000a000 08:04 2360394    /lib/i386-linux-gnu/libnss_files-2.19.so
b6658000-b6659000 rw-p 0000b000 08:04 2360394    /lib/i386-linux-gnu/libnss_files-2.19.so
b6659000-b6663000 r-xp 00000000 08:04 2360398    /lib/i386-linux-gnu/libnss_nis-2.19.so
b6663000-b6664000 r--p 00009000 08:04 2360398    /lib/i386-linux-gnu/libnss_nis-2.19.so
b6664000-b6665000 rw-p 0000a000 08:04 2360398    /lib/i386-linux-gnu/libnss_nis-2.19.so
b6665000-b667a000 r-xp 00000000 08:04 2360388    /lib/i386-linux-gnu/libnsl-2.19.so
b667a000-b667b000 r--p 00015000 08:04 2360388    /lib/i386-linux-gnu/libnsl-2.19.so
b667b000-b667c000 rw-p 00016000 08:04 2360388    /lib/i386-linux-gnu/libnsl-2.19.so
b667c000-b667e000 rw-p 00000000 00:00 0 
b667e000-b6685000 r-xp 00000000 08:04 2360390    /lib/i386-linux-gnu/libnss_compat-2.19.so
b6685000-b6686000 r--p 00006000 08:04 2360390    /lib/i386-linux-gnu/libnss_compat-2.19.so
b6686000-b6687000 rw-p 00007000 08:04 2360390    /lib/i386-linux-gnu/libnss_compat-2.19.so
b6688000-b6689000 rw-p 00000000 00:00 0 
b6689000-b6694000 r--s 00116000 08:04 3156876    /usr/lib/jvm/java-8-oracle/jre/lib/ext/localedata.jar
b6694000-b669c000 rw-s 00000000 08:04 3166634    /tmp/hsperfdata_labsi/4929
b669c000-b66c0000 r-xp 00000000 08:04 3156937    /usr/lib/jvm/java-8-oracle/jre/lib/i386/libjava.so
b66c0000-b66c1000 rw-p 00023000 08:04 3156937    /usr/lib/jvm/java-8-oracle/jre/lib/i386/libjava.so
b66c1000-b66c8000 r-xp 00000000 08:04 2360445    /lib/i386-linux-gnu/librt-2.19.so
b66c8000-b66c9000 r--p 00006000 08:04 2360445    /lib/i386-linux-gnu/librt-2.19.so
b66c9000-b66ca000 rw-p 00007000 08:04 2360445    /lib/i386-linux-gnu/librt-2.19.so
b66ca000-b66cd000 ---p 00000000 00:00 0 
b66cd000-b671b000 rw-p 00000000 00:00 0          [stack:4934]
b671b000-b675f000 r-xp 00000000 08:04 2360369    /lib/i386-linux-gnu/libm-2.19.so
b675f000-b6760000 r--p 00043000 08:04 2360369    /lib/i386-linux-gnu/libm-2.19.so
b6760000-b6761000 rw-p 00044000 08:04 2360369    /lib/i386-linux-gnu/libm-2.19.so
b6761000-b70d4000 r-xp 00000000 08:04 3156977    /usr/lib/jvm/java-8-oracle/jre/lib/i386/server/libjvm.so
b70d4000-b7140000 rw-p 00972000 08:04 3156977    /usr/lib/jvm/java-8-oracle/jre/lib/i386/server/libjvm.so
b7140000-b7566000 rw-p 00000000 00:00 0 
b7566000-b770e000 r-xp 00000000 08:04 2360319    /lib/i386-linux-gnu/libc-2.19.so
b770e000-b7710000 r--p 001a8000 08:04 2360319    /lib/i386-linux-gnu/libc-2.19.so
b7710000-b7711000 rw-p 001aa000 08:04 2360319    /lib/i386-linux-gnu/libc-2.19.so
b7711000-b7714000 rw-p 00000000 00:00 0 
b7714000-b7717000 r-xp 00000000 08:04 2360336    /lib/i386-linux-gnu/libdl-2.19.so
b7717000-b7718000 r--p 00002000 08:04 2360336    /lib/i386-linux-gnu/libdl-2.19.so
b7718000-b7719000 rw-p 00003000 08:04 2360336    /lib/i386-linux-gnu/libdl-2.19.so
b7719000-b772d000 r-xp 00000000 08:04 3157090    /usr/lib/jvm/java-8-oracle/lib/i386/jli/libjli.so
b772d000-b772e000 rw-p 00014000 08:04 3157090    /usr/lib/jvm/java-8-oracle/lib/i386/jli/libjli.so
b772e000-b772f000 rw-p 00000000 00:00 0 
b772f000-b7747000 r-xp 00000000 08:04 2360437    /lib/i386-linux-gnu/libpthread-2.19.so
b7747000-b7748000 r--p 00018000 08:04 2360437    /lib/i386-linux-gnu/libpthread-2.19.so
b7748000-b7749000 rw-p 00019000 08:04 2360437    /lib/i386-linux-gnu/libpthread-2.19.so
b7749000-b774c000 rw-p 00000000 00:00 0 
b774c000-b7751000 r--s 00094000 08:04 3157003    /usr/lib/jvm/java-8-oracle/jre/lib/jsse.jar
b7751000-b7752000 r--p 0052e000 08:04 3158825    /usr/lib/locale/locale-archive
b7752000-b7753000 rw-p 00000000 00:00 0 
b7753000-b7754000 ---p 00000000 00:00 0 
b7754000-b775f000 r-xp 00000000 08:04 3156972    /usr/lib/jvm/java-8-oracle/jre/lib/i386/libverify.so
b775f000-b7760000 rw-p 0000b000 08:04 3156972    /usr/lib/jvm/java-8-oracle/jre/lib/i386/libverify.so
b7760000-b7762000 rw-p 00000000 00:00 0 
b7762000-b7763000 r-xp 00000000 00:00 0          [vdso]
b7763000-b7765000 r--p 00000000 00:00 0          [vvar]
b7765000-b7785000 r-xp 00000000 08:04 2360293    /lib/i386-linux-gnu/ld-2.19.so
b7785000-b7786000 r--p 0001f000 08:04 2360293    /lib/i386-linux-gnu/ld-2.19.so
b7786000-b7787000 rw-p 00020000 08:04 2360293    /lib/i386-linux-gnu/ld-2.19.so
bfcc2000-bfcc3000 rwxp 00000000 00:00 0 
bfcf5000-bfd16000 rw-p 00000000 00:00 0          [stack]

VM Arguments:
jvm_args: -Xmx1024M -Dfile.encoding=UTF-8 -Duser.country=VE -Duser.language=es -Duser.variant 
java_command: com.android.dx.command.Main --dex --output /home/labsi/AndroidStudioProjects/movil/America/app/build/intermediates/dex/debug /home/labsi/AndroidStudioProjects/movil/America/app/build/intermediates/classes/debug /home/labsi/AndroidStudioProjects/movil/America/app/build/intermediates/pre-dexed/debug/support-annotations-22.0.0-f09af8e32e71fe4a82095146af7e4d09960d6779.jar /home/labsi/AndroidStudioProjects/movil/America/app/build/intermediates/pre-dexed/debug/classes-a4cbb60d0426052b2e076fd176a438c67e581ba8.jar /home/labsi/AndroidStudioProjects/movil/America/app/build/intermediates/pre-dexed/debug/classes-62f0a607bebcdfa624f4fae7f4cf761a222d510a.jar /home/labsi/AndroidStudioProjects/movil/America/app/build/intermediates/pre-dexed/debug/classes-039fd0179cf2d5c3734c614677dce86e2d87d8a0.jar /home/labsi/AndroidStudioProjects/movil/America/app/build/intermediates/pre-dexed/debug/spring-android-core-2.0.0.M1-4d0f8d51923596a6989bc10788573730fa444488.jar /home/labsi/AndroidStudioProjects/movil/America/app/build/intermediates/pre-dexed/debug/spring-android-rest-template-2.0.0.M1-e3185ed43663b047f054abe570a2e4af590e75e6.jar /home/labsi/AndroidStudioProjects/movil/America/app/build/intermediates/pre-dexed/debug/gson-2.3-b76a52fc952c99490fce6ad586dea05f2bc722ed.jar /home/labsi/AndroidStudioProjects/movil/America/app/build/intermediates/pre-dexed/debug/internal_impl-22.0.0-231fd8326b990ede2b1fdbb9efb56f69f137c86a.jar /home/labsi/AndroidStudioProjects/movil/America/app/build/intermediates/pre-dexed/debug/classes-5c2da3fdb0fb1e9808a7f8c7e2ef2647a365db03.jar /home/labsi/AndroidStudioProjects/movil/America/app/build/intermediates/pre-dexed/debug/classes-d88b92852ad878d3d00f340df0cfaed371283855.jar /home/labsi/AndroidStudioProjects/movil/America/app/build/intermediates/pre-dexed/debug/classes-03e010cb771721775217838915150556610fac15.jar
java_class_path (initial): /home/labsi/Android/Sdk/build-tools/22.0.1/lib/dx.jar
Launcher Type: SUN_STANDARD

Environment Variables:
PATH=/usr/local/sbin:/usr/local/bin:/usr/sbin:/usr/bin:/sbin:/bin:/usr/games:/usr/local/games
LD_LIBRARY_PATH=/home/labsi/android-studio/bin:
SHELL=/bin/bash
DISPLAY=:0.0

Signal Handlers:
SIGSEGV: [libjvm.so+0x8c29a0], sa_mask[0]=11111111011111111101111111111110, sa_flags=SA_RESTART|SA_SIGINFO
SIGBUS: [libjvm.so+0x8c29a0], sa_mask[0]=11111111011111111101111111111110, sa_flags=SA_RESTART|SA_SIGINFO
SIGFPE: [libjvm.so+0x7432d0], sa_mask[0]=11111111011111111101111111111110, sa_flags=SA_RESTART|SA_SIGINFO
SIGPIPE: [libjvm.so+0x7432d0], sa_mask[0]=11111111011111111101111111111110, sa_flags=SA_RESTART|SA_SIGINFO
SIGXFSZ: [libjvm.so+0x7432d0], sa_mask[0]=11111111011111111101111111111110, sa_flags=SA_RESTART|SA_SIGINFO
SIGILL: [libjvm.so+0x7432d0], sa_mask[0]=11111111011111111101111111111110, sa_flags=SA_RESTART|SA_SIGINFO
SIGUSR1: SIG_DFL, sa_mask[0]=00000000000000000000000000000000, sa_flags=none
SIGUSR2: [libjvm.so+0x744860], sa_mask[0]=00100000000000000000000000000000, sa_flags=SA_RESTART|SA_SIGINFO
SIGHUP: [libjvm.so+0x745d10], sa_mask[0]=11111111011111111101111111111110, sa_flags=SA_RESTART|SA_SIGINFO
SIGINT: [libjvm.so+0x745d10], sa_mask[0]=11111111011111111101111111111110, sa_flags=SA_RESTART|SA_SIGINFO
SIGTERM: [libjvm.so+0x745d10], sa_mask[0]=11111111011111111101111111111110, sa_flags=SA_RESTART|SA_SIGINFO
SIGQUIT: [libjvm.so+0x745d10], sa_mask[0]=11111111011111111101111111111110, sa_flags=SA_RESTART|SA_SIGINFO


---------------  S Y S T E M  ---------------

OS:DISTRIB_ID=Ubuntu
DISTRIB_RELEASE=14.04
DISTRIB_CODENAME=trusty
DISTRIB_DESCRIPTION="Ubuntu 14.04.2 LTS"

uname:Linux 3.16.0-38-generic #52~14.04.1-Ubuntu SMP Fri May 8 09:44:48 UTC 2015 i686
libc:glibc 2.19 NPTL 2.19 
rlimit: STACK 8192k, CORE 0k, NPROC 23467, NOFILE 4096, AS infinity
load average:1,84 0,89 0,68

/proc/meminfo:
MemTotal:        3031476 kB
MemFree:          176320 kB
MemAvailable:     126412 kB
Buffers:            5500 kB
Cached:           272572 kB
SwapCached:            0 kB
Active:          2521484 kB
Inactive:         247664 kB
Active(anon):    2494632 kB
Inactive(anon):   229532 kB
Active(file):      26852 kB
Inactive(file):    18132 kB
Unevictable:          32 kB
Mlocked:              32 kB
HighTotal:       2159576 kB
HighFree:          51752 kB
LowTotal:         871900 kB
LowFree:          124568 kB
SwapTotal:             0 kB
SwapFree:              0 kB
Dirty:                40 kB
Writeback:             0 kB
AnonPages:       2491248 kB
Mapped:           208044 kB
Shmem:            233020 kB
Slab:              35560 kB
SReclaimable:      18308 kB
SUnreclaim:        17252 kB
KernelStack:        4416 kB
PageTables:        15748 kB
NFS_Unstable:          0 kB
Bounce:                0 kB
WritebackTmp:          0 kB
CommitLimit:     1515736 kB
Committed_AS:    5261152 kB
VmallocTotal:     122880 kB
VmallocUsed:       16192 kB
VmallocChunk:     103660 kB
AnonHugePages:   1468416 kB
HugePages_Total:       0
HugePages_Free:        0
HugePages_Rsvd:        0
HugePages_Surp:        0
Hugepagesize:       2048 kB
DirectMap4k:       32760 kB
DirectMap2M:      876544 kB


CPU:total 4 (2 cores per cpu, 2 threads per core) family 6 model 37 stepping 2, cmov, cx8, fxsr, mmx, sse, sse2, sse3, ssse3, sse4.1, sse4.2, popcnt, ht, tsc, tscinvbit

/proc/cpuinfo:
processor	: 0
vendor_id	: GenuineIntel
cpu family	: 6
model		: 37
model name	: Intel(R) Core(TM) i3 CPU       M 330  @ 2.13GHz
stepping	: 2
microcode	: 0x9
cpu MHz		: 1333.000
cache size	: 3072 KB
physical id	: 0
siblings	: 4
core id		: 0
cpu cores	: 2
apicid		: 0
initial apicid	: 0
fdiv_bug	: no
f00f_bug	: no
coma_bug	: no
fpu		: yes
fpu_exception	: yes
cpuid level	: 11
wp		: yes
flags		: fpu vme de pse tsc msr pae mce cx8 apic sep mtrr pge mca cmov pat pse36 clflush dts acpi mmx fxsr sse sse2 ss ht tm pbe nx rdtscp lm constant_tsc arch_perfmon pebs bts xtopology nonstop_tsc aperfmperf pni dtes64 monitor ds_cpl vmx est tm2 ssse3 cx16 xtpr pdcm sse4_1 sse4_2 popcnt lahf_lm arat dtherm tpr_shadow vnmi flexpriority ept vpid
bogomips	: 4255.97
clflush size	: 64
cache_alignment	: 64
address sizes	: 36 bits physical, 48 bits virtual
power management:

processor	: 1
vendor_id	: GenuineIntel
cpu family	: 6
model		: 37
model name	: Intel(R) Core(TM) i3 CPU       M 330  @ 2.13GHz
stepping	: 2
microcode	: 0x9
cpu MHz		: 933.000
cache size	: 3072 KB
physical id	: 0
siblings	: 4
core id		: 2
cpu cores	: 2
apicid		: 4
initial apicid	: 4
fdiv_bug	: no
f00f_bug	: no
coma_bug	: no
fpu		: yes
fpu_exception	: yes
cpuid level	: 11
wp		: yes
flags		: fpu vme de pse tsc msr pae mce cx8 apic sep mtrr pge mca cmov pat pse36 clflush dts acpi mmx fxsr sse sse2 ss ht tm pbe nx rdtscp lm constant_tsc arch_perfmon pebs bts xtopology nonstop_tsc aperfmperf pni dtes64 monitor ds_cpl vmx est tm2 ssse3 cx16 xtpr pdcm sse4_1 sse4_2 popcnt lahf_lm arat dtherm tpr_shadow vnmi flexpriority ept vpid
bogomips	: 4255.97
clflush size	: 64
cache_alignment	: 64
address sizes	: 36 bits physical, 48 bits virtual
power management:

processor	: 2
vendor_id	: GenuineIntel
cpu family	: 6
model		: 37
model name	: Intel(R) Core(TM) i3 CPU       M 330  @ 2.13GHz
stepping	: 2
microcode	: 0x9
cpu MHz		: 2133.000
cache size	: 3072 KB
physical id	: 0
siblings	: 4
core id		: 0
cpu cores	: 2
apicid		: 1
initial apicid	: 1
fdiv_bug	: no
f00f_bug	: no
coma_bug	: no
fpu		: yes
fpu_exception	: yes
cpuid level	: 11
wp		: yes
flags		: fpu vme de pse tsc msr pae mce cx8 apic sep mtrr pge mca cmov pat pse36 clflush dts acpi mmx fxsr sse sse2 ss ht tm pbe nx rdtscp lm constant_tsc arch_perfmon pebs bts xtopology nonstop_tsc aperfmperf pni dtes64 monitor ds_cpl vmx est tm2 ssse3 cx16 xtpr pdcm sse4_1 sse4_2 popcnt lahf_lm arat dtherm tpr_shadow vnmi flexpriority ept vpid
bogomips	: 4255.97
clflush size	: 64
cache_alignment	: 64
address sizes	: 36 bits physical, 48 bits virtual
power management:

processor	: 3
vendor_id	: GenuineIntel
cpu family	: 6
model		: 37
model name	: Intel(R) Core(TM) i3 CPU       M 330  @ 2.13GHz
stepping	: 2
microcode	: 0x9
cpu MHz		: 2133.000
cache size	: 3072 KB
physical id	: 0
siblings	: 4
core id		: 2
cpu cores	: 2
apicid		: 5
initial apicid	: 5
fdiv_bug	: no
f00f_bug	: no
coma_bug	: no
fpu		: yes
fpu_exception	: yes
cpuid level	: 11
wp		: yes
flags		: fpu vme de pse tsc msr pae mce cx8 apic sep mtrr pge mca cmov pat pse36 clflush dts acpi mmx fxsr sse sse2 ss ht tm pbe nx rdtscp lm constant_tsc arch_perfmon pebs bts xtopology nonstop_tsc aperfmperf pni dtes64 monitor ds_cpl vmx est tm2 ssse3 cx16 xtpr pdcm sse4_1 sse4_2 popcnt lahf_lm arat dtherm tpr_shadow vnmi flexpriority ept vpid
bogomips	: 4255.97
clflush size	: 64
cache_alignment	: 64
address sizes	: 36 bits physical, 48 bits virtual
power management:



Memory: 4k page, physical 3031476k(176336k free), swap 0k(0k free)

vm_info: Java HotSpot(TM) Server VM (25.45-b02) for linux-x86 JRE (1.8.0_45-b14), built on Apr 10 2015 10:38:30 by "java_re" with gcc 4.3.0 20080428 (Red Hat 4.3.0-8)

time: Wed Jun 24 10:34:03 2015
elapsed time: 4 seconds (0d 0h 0m 4s)

