#
# There is insufficient memory for the Java Runtime Environment to continue.
# Native memory allocation (mmap) failed to map 50331648 bytes for committing reserved memory.
# Possible reasons:
#   The system is out of physical RAM or swap space
#   In 32 bit mode, the process size limit was hit
# Possible solutions:
#   Reduce memory load on the system
#   Increase physical memory or swap space
#   Check if swap backing store is full
#   Use 64 bit Java on a 64 bit OS
#   Decrease Java heap size (-Xmx/-Xms)
#   Decrease number of Java threads
#   Decrease Java thread stack sizes (-Xss)
#   Set larger code cache with -XX:ReservedCodeCacheSize=
# This output file may be truncated or incomplete.
#
#  Out of Memory Error (os_linux.cpp:2673), pid=5984, tid=1673374528
#
# JRE version: Java(TM) SE Runtime Environment (8.0_45-b14) (build 1.8.0_45-b14)
# Java VM: Java HotSpot(TM) Server VM (25.45-b02 mixed mode linux-x86 )
# Failed to write core dump. Core dumps have been disabled. To enable core dumping, try "ulimit -c unlimited" before starting Java again
#

---------------  T H R E A D  ---------------

Current thread (0x63a80c00):  VMThread [stack: 0x63b5a000,0x63bdb000] [id=5995]

Stack: [0x63b5a000,0x63bdb000],  sp=0x63bd9820,  free space=510k
Native frames: (J=compiled Java code, j=interpreted, Vv=VM code, C=native code)
V  [libjvm.so+0x8c1ecf]  VMError::report_and_die()+0x16f
V  [libjvm.so+0x386495]  report_vm_out_of_memory(char const*, int, unsigned int, VMErrorType, char const*)+0x55
V  [libjvm.so+0x7467a6]  os::Linux::commit_memory_impl(char*, unsigned int, bool)+0xe6
V  [libjvm.so+0x746bc8]  os::pd_commit_memory(char*, unsigned int, unsigned int, bool)+0x28
V  [libjvm.so+0x7402ec]  os::commit_memory(char*, unsigned int, unsigned int, bool)+0x2c
V  [libjvm.so+0x7aa598]  PSVirtualSpace::expand_by(unsigned int)+0x48
V  [libjvm.so+0x7ab69a]  PSYoungGen::resize_generation(unsigned int, unsigned int)+0xda
V  [libjvm.so+0x7aa9c9]  PSYoungGen::resize(unsigned int, unsigned int)+0x19
V  [libjvm.so+0x7a82ed]  PSScavenge::invoke_no_policy()+0xd4d
V  [libjvm.so+0x7a8ab8]  PSScavenge::invoke()+0x28
V  [libjvm.so+0x767d8a]  ParallelScavengeHeap::failed_mem_allocate(unsigned int)+0x5a
V  [libjvm.so+0x8c379a]  VM_ParallelGCFailedAllocation::doit()+0x7a
V  [libjvm.so+0x8cc9b7]  VM_Operation::evaluate()+0x47
V  [libjvm.so+0x8caa93]  VMThread::evaluate_operation(VM_Operation*)+0xb3
V  [libjvm.so+0x8cae30]  VMThread::loop()+0x1b0
V  [libjvm.so+0x8cb295]  VMThread::run()+0x85
V  [libjvm.so+0x749049]  java_start(Thread*)+0x119
C  [libpthread.so.0+0x6f70]  start_thread+0xd0

VM_Operation (0xb675ba14): ParallelGCFailedAllocation, mode: safepoint, requested by thread 0xb6608000


---------------  P R O C E S S  ---------------

Java Threads: ( => current thread )
  0x63aaa400 JavaThread "Service Thread" daemon [_thread_blocked, id=6002, stack(0x632fb000,0x6334c000)]
  0x63aa7000 JavaThread "C1 CompilerThread2" daemon [_thread_blocked, id=6001, stack(0x6334c000,0x633cd000)]
  0x63aa5800 JavaThread "C2 CompilerThread1" daemon [_thread_blocked, id=6000, stack(0x633cd000,0x6344e000)]
  0x63aa3800 JavaThread "C2 CompilerThread0" daemon [_thread_blocked, id=5999, stack(0x6344e000,0x634cf000)]
  0x63aa2400 JavaThread "Signal Dispatcher" daemon [_thread_blocked, id=5998, stack(0x63b09000,0x63b5a000)]
  0x63a85400 JavaThread "Finalizer" daemon [_thread_blocked, id=5997, stack(0x6672e000,0x6677f000)]
  0x63a83c00 JavaThread "Reference Handler" daemon [_thread_blocked, id=5996, stack(0x6692e000,0x6697f000)]
  0xb6608000 JavaThread "main" [_thread_blocked, id=5990, stack(0xb670c000,0xb675d000)]

Other Threads:
=>0x63a80c00 VMThread [stack: 0x63b5a000,0x63bdb000] [id=5995]
  0x63aabc00 WatcherThread [stack: 0x6327a000,0x632fb000] [id=6003]

VM state:at safepoint (normal execution)

VM Mutex/Monitor currently owned by a thread:  ([mutex/lock_event])
[0xb6605738] Threads_lock - owner thread: 0x63a80c00
[0xb6605b48] Heap_lock - owner thread: 0xb6608000

Heap:
 PSYoungGen      total 55040K, used 5635K [0x91ac0000, 0x95740000, 0xa7000000)
  eden space 48640K, 0% used [0x91ac0000,0x91ac0000,0x94a40000)
  from space 6400K, 88% used [0x94a40000,0x94fc0e58,0x95080000)
  to   space 5888K, 0% used [0x95080000,0x95080000,0x95640000)
 ParOldGen       total 32768K, used 22592K [0x67000000, 0x69000000, 0x91ac0000)
  object space 32768K, 68% used [0x67000000,0x68610298,0x69000000)
 Metaspace       used 4913K, capacity 4972K, committed 5016K, reserved 5424K

Card table byte_map: [0x66dff000,0x67000000] byte_map_base: 0x66ac7000

Marking Bits: (ParMarkBitMap*) 0xb7193960
 Begin Bits: [0x64600000, 0x65600000)
 End Bits:   [0x65600000, 0x66600000)

Polling page: 0xb7795000

CodeCache: size=245760Kb used=5765Kb max_used=5776Kb free=239994Kb
 bounds [0xa7571000, 0xa7b19000, 0xb6571000]
 total_blobs=2363 nmethods=2191 adapters=86
 compilation: enabled

Compilation events (10 events):
Event: 6,464 Thread 0x63aa3800 nmethod 2254 0xa7ab1a88 code [0xa7ab1b80, 0xa7ab1bd0]
Event: 6,464 Thread 0x63aa3800 2255       4       com.android.dx.merge.SortableType::isDepthAssigned (14 bytes)
Event: 6,464 Thread 0x63aa3800 nmethod 2255 0xa7b05348 code [0xa7b05440, 0xa7b05490]
Event: 6,464 Thread 0x63aa3800 2240       4       com.android.dx.merge.DexMerger$IdMerger$UnsortedValue::<init> (38 bytes)
Event: 6,465 Thread 0x63aa3800 nmethod 2240 0xa7b0d748 code [0xa7b0d840, 0xa7b0d8b0]
Event: 6,465 Thread 0x63aa3800 2242       4       com.android.dx.merge.DexMerger::access$1800 (6 bytes)
Event: 6,466 Thread 0x63aa3800 nmethod 2242 0xa7b13888 code [0xa7b13980, 0xa7b139f0]
Event: 6,466 Thread 0x63aa3800 2248       4       com.android.dex.FieldId::compareTo (9 bytes)
Event: 6,467 Thread 0x63aa3800 nmethod 2248 0xa7b13608 code [0xa7b13700, 0xa7b137d0]
Event: 6,467 Thread 0x63aa3800 2249       4       com.android.dex.FieldId::compareTo (58 bytes)

GC Heap History (10 events):
Event: 2,754 GC heap after
Heap after GC invocations=2 (full 0):
 PSYoungGen      total 14336K, used 2033K [0x91ac0000, 0x936c0000, 0xa7000000)
  eden space 12288K, 0% used [0x91ac0000,0x91ac0000,0x926c0000)
  from space 2048K, 99% used [0x928c0000,0x92abc460,0x92ac0000)
  to   space 2048K, 0% used [0x926c0000,0x926c0000,0x928c0000)
 ParOldGen       total 32768K, used 4156K [0x67000000, 0x69000000, 0x91ac0000)
  object space 32768K, 12% used [0x67000000,0x6740f2a8,0x69000000)
 Metaspace       used 3578K, capacity 3710K, committed 3736K, reserved 4400K
}
Event: 5,356 GC heap before
{Heap before GC invocations=3 (full 0):
 PSYoungGen      total 14336K, used 14321K [0x91ac0000, 0x936c0000, 0xa7000000)
  eden space 12288K, 100% used [0x91ac0000,0x926c0000,0x926c0000)
  from space 2048K, 99% used [0x928c0000,0x92abc460,0x92ac0000)
  to   space 2048K, 0% used [0x926c0000,0x926c0000,0x928c0000)
 ParOldGen       total 32768K, used 4156K [0x67000000, 0x69000000, 0x91ac0000)
  object space 32768K, 12% used [0x67000000,0x6740f2a8,0x69000000)
 Metaspace       used 4816K, capacity 4876K, committed 4888K, reserved 5424K
Event: 5,372 GC heap after
Heap after GC invocations=3 (full 0):
 PSYoungGen      total 14336K, used 2045K [0x91ac0000, 0x936c0000, 0xa7000000)
  eden space 12288K, 0% used [0x91ac0000,0x91ac0000,0x926c0000)
  from space 2048K, 99% used [0x926c0000,0x928bf778,0x928c0000)
  to   space 2048K, 0% used [0x934c0000,0x934c0000,0x936c0000)
 ParOldGen       total 32768K, used 7413K [0x67000000, 0x69000000, 0x91ac0000)
  object space 32768K, 22% used [0x67000000,0x6773d658,0x69000000)
 Metaspace       used 4816K, capacity 4876K, committed 4888K, reserved 5424K
}
Event: 5,651 GC heap before
{Heap before GC invocations=4 (full 0):
 PSYoungGen      total 14336K, used 13999K [0x91ac0000, 0x936c0000, 0xa7000000)
  eden space 12288K, 97% used [0x91ac0000,0x9266c7d8,0x926c0000)
  from space 2048K, 99% used [0x926c0000,0x928bf778,0x928c0000)
  to   space 2048K, 0% used [0x934c0000,0x934c0000,0x936c0000)
 ParOldGen       total 32768K, used 7413K [0x67000000, 0x69000000, 0x91ac0000)
  object space 32768K, 22% used [0x67000000,0x6773d658,0x69000000)
 Metaspace       used 4862K, capacity 4908K, committed 5016K, reserved 5424K
Event: 5,664 GC heap after
Heap after GC invocations=4 (full 0):
 PSYoungGen      total 26624K, used 1930K [0x91ac0000, 0x936c0000, 0xa7000000)
  eden space 24576K, 0% used [0x91ac0000,0x91ac0000,0x932c0000)
  from space 2048K, 94% used [0x934c0000,0x936a2878,0x936c0000)
  to   space 2048K, 0% used [0x932c0000,0x932c0000,0x934c0000)
 ParOldGen       total 32768K, used 9199K [0x67000000, 0x69000000, 0x91ac0000)
  object space 32768K, 28% used [0x67000000,0x678fbeb8,0x69000000)
 Metaspace       used 4862K, capacity 4908K, committed 5016K, reserved 5424K
}
Event: 5,972 GC heap before
{Heap before GC invocations=5 (full 0):
 PSYoungGen      total 26624K, used 26506K [0x91ac0000, 0x936c0000, 0xa7000000)
  eden space 24576K, 100% used [0x91ac0000,0x932c0000,0x932c0000)
  from space 2048K, 94% used [0x934c0000,0x936a2878,0x936c0000)
  to   space 2048K, 0% used [0x932c0000,0x932c0000,0x934c0000)
 ParOldGen       total 32768K, used 9199K [0x67000000, 0x69000000, 0x91ac0000)
  object space 32768K, 28% used [0x67000000,0x678fbeb8,0x69000000)
 Metaspace       used 4899K, capacity 4972K, committed 5016K, reserved 5424K
Event: 5,997 GC heap after
Heap after GC invocations=5 (full 0):
 PSYoungGen      total 26624K, used 2037K [0x91ac0000, 0x95640000, 0xa7000000)
  eden space 24576K, 0% used [0x91ac0000,0x91ac0000,0x932c0000)
  from space 2048K, 99% used [0x932c0000,0x934bd5b0,0x934c0000)
  to   space 5888K, 0% used [0x95080000,0x95080000,0x95640000)
 ParOldGen       total 32768K, used 10939K [0x67000000, 0x69000000, 0x91ac0000)
  object space 32768K, 33% used [0x67000000,0x67aaeda8,0x69000000)
 Metaspace       used 4899K, capacity 4972K, committed 5016K, reserved 5424K
}
Event: 6,155 GC heap before
{Heap before GC invocations=6 (full 0):
 PSYoungGen      total 26624K, used 26613K [0x91ac0000, 0x95640000, 0xa7000000)
  eden space 24576K, 100% used [0x91ac0000,0x932c0000,0x932c0000)
  from space 2048K, 99% used [0x932c0000,0x934bd5b0,0x934c0000)
  to   space 5888K, 0% used [0x95080000,0x95080000,0x95640000)
 ParOldGen       total 32768K, used 10939K [0x67000000, 0x69000000, 0x91ac0000)
  object space 32768K, 33% used [0x67000000,0x67aaeda8,0x69000000)
 Metaspace       used 4902K, capacity 4972K, committed 5016K, reserved 5424K
Event: 6,196 GC heap after
Heap after GC invocations=6 (full 0):
 PSYoungGen      total 54528K, used 5054K [0x91ac0000, 0x95740000, 0xa7000000)
  eden space 48640K, 0% used [0x91ac0000,0x91ac0000,0x94a40000)
  from space 5888K, 85% used [0x95080000,0x9556fa80,0x95640000)
  to   space 6400K, 0% used [0x94a40000,0x94a40000,0x95080000)
 ParOldGen       total 32768K, used 21459K [0x67000000, 0x69000000, 0x91ac0000)
  object space 32768K, 65% used [0x67000000,0x684f4e48,0x69000000)
 Metaspace       used 4902K, capacity 4972K, committed 5016K, reserved 5424K
}
Event: 6,468 GC heap before
{Heap before GC invocations=7 (full 0):
 PSYoungGen      total 54528K, used 53694K [0x91ac0000, 0x95740000, 0xa7000000)
  eden space 48640K, 100% used [0x91ac0000,0x94a40000,0x94a40000)
  from space 5888K, 85% used [0x95080000,0x9556fa80,0x95640000)
  to   space 6400K, 0% used [0x94a40000,0x94a40000,0x95080000)
 ParOldGen       total 32768K, used 21459K [0x67000000, 0x69000000, 0x91ac0000)
  object space 32768K, 65% used [0x67000000,0x684f4e48,0x69000000)
 Metaspace       used 4913K, capacity 4972K, committed 5016K, reserved 5424K

Deoptimization events (10 events):
Event: 4,034 Thread 0xb6608000 Uncommon trap: reason=unstable_if action=reinterpret pc=0xa798ba6c method=java.util.HashMap.putVal(ILjava/lang/Object;Ljava/lang/Object;ZZ)Ljava/lang/Object; @ 162
